2023-10-12 16:06:09	[INFO]	数据库连接成功
2023-10-12 16:56:02	[ERROR]	数据库连接失败Unknown database 'students_face_recognition' QMYSQL: Unable to connect
2023-10-12 17:11:49	[ERROR]	数据库连接失败Unknown database 'students_face_recognition' QMYSQL: Unable to connect
2023-10-12 17:28:57	[ERROR]	数据库连接失败Unknown database 'students_face_recognition' QMYSQL: Unable to connect
2023-10-12 17:50:53	[ERROR]	数据库连接失败Unknown database 'students_face_recognition' QMYSQL: Unable to connect
2023-10-12 17:58:52	[ERROR]	数据库连接失败Unknown database 'students_face_recognition' QMYSQL: Unable to connect
2023-10-12 22:03:57	[ERROR]	数据库连接失败Unknown database 'students_face_recognition' QMYSQL: Unable to connect
2023-10-12 23:06:01	[INFO]	数据库连接成功
2023-10-12 23:09:34	[INFO]	数据库连接成功
2023-10-12 23:10:54	[INFO]	数据库连接成功
2023-10-12 23:12:11	[INFO]	数据库连接成功
2023-10-12 23:18:03	[INFO]	数据库连接成功
2023-10-12 23:37:18	[INFO]	数据库连接成功
2023-10-13 00:07:10	[INFO]	数据库连接成功
2023-10-13 00:11:33	[INFO]	数据库连接成功
2023-10-13 00:16:47	[INFO]	数据库连接成功
2023-10-13 00:18:44	[INFO]	数据库连接成功
2023-10-13 00:19:54	[INFO]	数据库连接成功
2023-10-13 00:21:03	[INFO]	数据库连接成功
2023-10-13 14:47:34	[INFO]	数据库连接成功
2023-10-13 15:28:30	[INFO]	数据库连接成功
2023-10-13 15:30:36	[INFO]	数据库连接成功
2023-10-13 16:06:11	[INFO]	数据库连接成功
2023-10-13 16:09:18	[INFO]	数据库连接成功
2023-10-13 16:11:58	[INFO]	数据库连接成功
2023-10-13 16:17:14	[INFO]	数据库连接成功
2023-10-13 16:20:18	[INFO]	数据库连接成功
2023-10-13 16:29:10	[INFO]	数据库连接成功
2023-10-13 16:36:27	[INFO]	数据库连接成功
2023-10-13 16:38:01	[INFO]	数据库连接成功
2023-10-13 16:41:34	[INFO]	数据库连接成功
2023-10-13 16:41:44	[INFO]	数据库连接成功
2023-10-13 16:41:44	[ERROR]	stmt= select * from admin where username = ? and password = ? error: No data supplied for parameters in prepared statement QMYSQL3: Unable to execute statement
2023-10-13 16:42:15	[INFO]	数据库连接成功
2023-10-13 16:42:15	[ERROR]	stmt= select * from admin where username = ? and password = ? error: No data supplied for parameters in prepared statement QMYSQL3: Unable to execute statement
2023-10-13 16:47:44	[INFO]	数据库连接成功
2023-10-13 16:51:30	[INFO]	数据库连接成功
2023-10-13 16:56:33	[INFO]	数据库连接成功
2023-10-13 17:02:10	[INFO]	数据库连接成功
2023-10-13 17:03:38	[INFO]	数据库连接成功
2023-10-13 17:10:16	[INFO]	数据库连接成功
2023-10-13 17:13:58	[INFO]	数据库连接成功
2023-10-13 17:42:27	[INFO]	数据库连接成功
2023-10-15 13:33:14	[INFO]	数据库连接成功
2023-10-15 14:34:40	[INFO]	数据库连接成功
2023-10-15 14:52:11	[INFO]	数据库连接成功
2023-10-15 15:01:29	[INFO]	数据库连接成功
2023-10-15 15:02:37	[INFO]	数据库连接成功
2023-10-15 15:02:40	[INFO]	数据库连接成功
2023-10-15 15:02:57	[INFO]	数据库连接成功
2023-10-15 15:03:20	[ERROR]	sql= DELETE FROM Student WHERE ID = ? error: You have an error in your SQL syntax; check the manual that corresponds to your MySQL server version for the right syntax to use near '?' at line 1 QMYSQL: Unable to execute query
2023-10-15 15:03:20	[ERROR]	sql= DELETE FROM Attendance WHERE StudentID = ? error: You have an error in your SQL syntax; check the manual that corresponds to your MySQL server version for the right syntax to use near '?' at line 1 QMYSQL: Unable to execute query
2023-10-15 15:03:44	[ERROR]	sql= DELETE FROM Student WHERE ID = ? error: You have an error in your SQL syntax; check the manual that corresponds to your MySQL server version for the right syntax to use near '?' at line 1 QMYSQL: Unable to execute query
2023-10-15 15:03:44	[ERROR]	sql= DELETE FROM Attendance WHERE StudentID = ? error: You have an error in your SQL syntax; check the manual that corresponds to your MySQL server version for the right syntax to use near '?' at line 1 QMYSQL: Unable to execute query
2023-10-15 15:03:47	[ERROR]	sql= DELETE FROM Student WHERE ID = ? error: You have an error in your SQL syntax; check the manual that corresponds to your MySQL server version for the right syntax to use near '?' at line 1 QMYSQL: Unable to execute query
2023-10-15 15:03:47	[ERROR]	sql= DELETE FROM Attendance WHERE StudentID = ? error: You have an error in your SQL syntax; check the manual that corresponds to your MySQL server version for the right syntax to use near '?' at line 1 QMYSQL: Unable to execute query
2023-10-15 15:13:20	[INFO]	数据库连接成功
2023-10-15 15:13:24	[INFO]	数据库连接成功
2023-10-15 15:13:37	[INFO]	数据库连接成功
2023-10-15 15:17:37	[INFO]	数据库连接成功
2023-10-15 15:17:42	[INFO]	数据库连接成功
2023-10-15 15:17:48	[INFO]	数据库连接成功
2023-10-15 15:25:07	[INFO]	数据库连接成功
2023-10-15 15:25:37	[INFO]	数据库连接成功
2023-10-15 15:25:47	[INFO]	数据库连接成功
2023-10-15 15:28:08	[INFO]	数据库连接成功
2023-10-15 15:28:22	[INFO]	数据库连接成功
2023-10-15 15:31:05	[INFO]	数据库连接成功
2023-10-15 15:31:18	[INFO]	数据库连接成功
2023-10-15 15:31:29	[INFO]	数据库连接成功
2023-10-15 15:34:35	[INFO]	数据库连接成功
2023-10-15 15:34:48	[INFO]	数据库连接成功
2023-10-15 15:34:54	[INFO]	数据库连接成功
2023-10-15 15:47:18	[INFO]	数据库连接成功
2023-10-15 15:47:21	[INFO]	数据库连接成功
2023-10-15 15:48:49	[INFO]	数据库连接成功
2023-10-15 15:48:53	[INFO]	数据库连接成功
2023-10-15 15:57:54	[INFO]	数据库连接成功
2023-10-15 15:59:49	[INFO]	数据库连接成功
2023-10-15 15:59:55	[INFO]	数据库连接成功
2023-10-15 16:00:33	[INFO]	数据库连接成功
2023-10-15 16:00:40	[INFO]	数据库连接成功
2023-10-15 16:00:49	[INFO]	数据库连接成功
2023-10-15 16:00:51	[INFO]	数据库连接成功
2023-10-15 16:01:58	[INFO]	数据库连接成功
2023-10-15 16:02:08	[INFO]	数据库连接成功
2023-10-15 16:02:14	[INFO]	数据库连接成功
2023-10-15 16:42:22	[INFO]	数据库连接成功
2023-10-15 16:42:31	[INFO]	数据库连接成功
2023-10-15 16:42:36	[INFO]	数据库连接成功
2023-10-15 17:52:02	[INFO]	数据库连接成功
2023-10-15 17:52:33	[INFO]	数据库连接成功
2023-10-15 17:52:44	[INFO]	数据库连接成功
2023-10-15 17:52:46	[INFO]	数据库连接成功
2023-10-15 17:54:00	[INFO]	数据库连接成功
2023-10-15 17:54:07	[INFO]	数据库连接成功
2023-10-15 17:54:13	[INFO]	数据库连接成功
2023-10-15 17:54:14	[INFO]	数据库连接成功
2023-10-15 17:55:50	[INFO]	数据库连接成功
2023-10-15 17:55:56	[INFO]	数据库连接成功
2023-10-15 17:56:01	[INFO]	数据库连接成功
2023-10-15 17:56:07	[INFO]	数据库连接成功
2023-10-15 17:58:37	[INFO]	数据库连接成功
2023-10-15 17:58:42	[INFO]	数据库连接成功
2023-10-15 18:05:17	[INFO]	数据库连接成功
2023-10-15 18:05:22	[INFO]	数据库连接成功
2023-10-15 18:05:27	[INFO]	数据库连接成功
2023-10-15 18:05:28	[INFO]	数据库连接成功
2023-10-15 18:06:07	[ERROR]	stmt= insert into Student(ID, Name, Department, PhotoPath) values(?, ?, ?, ?) error: Duplicate entry '20203760' for key 'Student.PRIMARY' QMYSQL3: Unable to execute statement
2023-10-15 18:11:34	[INFO]	数据库连接成功
2023-10-15 18:11:38	[INFO]	数据库连接成功
2023-10-15 18:11:42	[INFO]	数据库连接成功
2023-10-15 18:11:58	[INFO]	数据库连接成功
2023-10-15 18:13:28	[INFO]	数据库连接成功
2023-10-15 18:18:54	[INFO]	数据库连接成功
2023-10-15 18:19:09	[INFO]	数据库连接成功
2023-10-15 18:19:18	[INFO]	数据库连接成功
2023-10-15 18:23:08	[INFO]	数据库连接成功
2023-10-15 18:24:12	[INFO]	数据库连接成功
2023-10-15 18:24:30	[INFO]	数据库连接成功
2023-10-15 18:25:23	[INFO]	数据库连接成功
2023-10-15 20:17:59	[INFO]	数据库连接成功
2023-10-15 20:18:13	[INFO]	数据库连接成功
2023-10-15 20:18:22	[INFO]	数据库连接成功
2023-10-15 20:18:34	[INFO]	数据库连接成功
2023-10-15 20:20:00	[INFO]	数据库连接成功
2023-10-15 20:38:11	[INFO]	数据库连接成功
2023-10-15 20:38:18	[INFO]	数据库连接成功
2023-10-15 20:38:25	[INFO]	数据库连接成功
2023-10-15 20:38:33	[INFO]	数据库连接成功
2023-10-15 20:38:58	[INFO]	数据库连接成功
2023-10-15 20:38:59	[INFO]	数据库连接成功
2023-10-15 20:39:07	[INFO]	数据库连接成功
2023-10-15 20:39:10	[INFO]	数据库连接成功
2023-10-15 20:46:55	[INFO]	数据库连接成功
2023-10-15 20:47:02	[INFO]	数据库连接成功
2023-10-15 20:47:07	[INFO]	数据库连接成功
2023-10-15 20:47:11	[INFO]	数据库连接成功
2023-10-15 20:51:06	[INFO]	数据库连接成功
2023-10-15 20:51:09	[INFO]	数据库连接成功
2023-10-15 20:51:14	[INFO]	数据库连接成功
2023-10-15 20:51:17	[INFO]	数据库连接成功
2023-10-15 22:17:00	[INFO]	数据库连接成功
2023-10-15 22:20:18	[INFO]	数据库连接成功
2023-10-15 22:20:47	[INFO]	数据库连接成功
2023-10-15 22:20:47	[INFO]	数据库连接成功
2023-10-15 22:25:11	[INFO]	数据库连接成功
2023-10-15 22:25:26	[INFO]	数据库连接成功
2023-10-15 22:25:26	[INFO]	数据库连接成功
2023-10-15 22:25:35	[INFO]	数据库连接成功
2023-10-15 22:27:11	[INFO]	数据库连接成功
2023-10-15 22:27:20	[INFO]	数据库连接成功
2023-10-15 22:27:24	[INFO]	数据库连接成功
2023-10-15 22:47:02	[INFO]	数据库连接成功
2023-10-15 22:48:02	[INFO]	数据库连接成功
2023-10-15 22:48:02	[INFO]	数据库连接成功
2023-10-15 22:48:04	[INFO]	数据库连接成功
2023-10-15 22:48:12	[INFO]	数据库连接成功
2023-10-15 22:56:22	[INFO]	数据库连接成功
2023-10-15 23:13:50	[INFO]	数据库连接成功
2023-10-15 23:13:56	[ERROR]	sql= update Attendance set SignedToday = 1 and LastSignInDate = now() where StudentID = 20203760 error: Unknown column 'LastSignInDate' in 'field list' QMYSQL: Unable to execute query
2023-10-15 23:14:21	[INFO]	数据库连接成功
2023-10-15 23:14:21	[INFO]	数据库连接成功
2023-10-15 23:14:28	[INFO]	数据库连接成功
2023-10-15 23:15:09	[ERROR]	stmt= insert into Attendance(StudentID) values(?) error: Field 'SignedToday' doesn't have a default value QMYSQL3: Unable to execute statement
2023-10-15 23:15:09	[ERROR]	transaction is finished, sql: COMMIT
2023-10-15 23:15:38	[ERROR]	sql= update Attendance set SignedToday = 1 and LastSignInDate = now() where StudentID = 20203772 error: Unknown column 'LastSignInDate' in 'field list' QMYSQL: Unable to execute query
2023-10-15 23:22:26	[INFO]	数据库连接成功
2023-10-15 23:24:09	[INFO]	数据库连接成功
2023-10-15 23:26:43	[INFO]	数据库连接成功
