2023-10-12 16:23:56	23313	0	[INFO]	[face]	src/face.cpp:219	摄像头打开成功
2023-10-12 16:27:42	27472	0	[INFO]	[face]	src/face.cpp:259	label: 20203760 confidence: 112.2
2023-10-12 16:28:23	23313	0	[INFO]	[face]	src/face.cpp:238	摄像头已关闭
2023-10-12 16:56:02	31877	0	[INFO]	[face]	src/face.cpp:219	摄像头打开成功
2023-10-12 16:56:19	37250	0	[INFO]	[face]	src/face.cpp:259	label: 20203760 confidence: 110.652
2023-10-12 16:56:47	37250	0	[ERROR]	[face]	src/face.cpp:177	未检测到人脸
2023-10-12 16:56:47	37250	0	[ERROR]	[face]	src/face.cpp:262	未检测到人脸
2023-10-12 16:56:54	31877	0	[INFO]	[face]	src/face.cpp:238	摄像头已关闭
2023-10-12 17:11:49	44213	0	[INFO]	[face]	src/face.cpp:219	摄像头打开成功
2023-10-12 17:14:09	44213	0	[INFO]	[face]	src/face.cpp:238	摄像头已关闭
2023-10-12 17:28:56	50355	0	[INFO]	[face]	src/face.cpp:219	摄像头打开成功
2023-10-12 17:29:38	50355	0	[INFO]	[face]	src/face.cpp:238	摄像头已关闭
2023-10-12 17:50:53	56239	0	[INFO]	[face]	src/face.cpp:219	摄像头打开成功
2023-10-12 17:51:03	56239	0	[INFO]	[face]	src/face.cpp:238	摄像头已关闭
2023-10-12 17:58:52	60466	0	[INFO]	[face]	src/face.cpp:219	摄像头打开成功
2023-10-12 17:59:00	60466	0	[INFO]	[face]	src/face.cpp:238	摄像头已关闭
2023-10-12 22:03:57	8555	0	[INFO]	[face]	src/face.cpp:219	摄像头打开成功
2023-10-12 22:04:10	13881	0	[INFO]	[face]	src/face.cpp:259	label: 20203760 confidence: 119.523
2023-10-12 22:05:01	18379	0	[ERROR]	[face]	src/face.cpp:177	未检测到人脸
2023-10-12 22:05:01	18379	0	[ERROR]	[face]	src/face.cpp:262	未检测到人脸
2023-10-12 22:05:09	8555	0	[INFO]	[face]	src/face.cpp:238	摄像头已关闭
2023-10-12 23:06:00	23733	0	[INFO]	[face]	src/face.cpp:219	摄像头打开成功
2023-10-12 23:06:46	23733	0	[INFO]	[face]	src/face.cpp:238	摄像头已关闭
2023-10-12 23:09:34	31000	0	[INFO]	[face]	src/face.cpp:219	摄像头打开成功
2023-10-12 23:10:46	31000	0	[INFO]	[face]	src/face.cpp:238	摄像头已关闭
2023-10-12 23:10:54	38065	0	[INFO]	[face]	src/face.cpp:219	摄像头打开成功
2023-10-12 23:10:58	38065	0	[INFO]	[face]	src/face.cpp:228	摄像头已关闭
2023-10-12 23:11:02	38065	0	[INFO]	[face]	src/face.cpp:230	摄像头已关闭
2023-10-12 23:11:04	38065	0	[INFO]	[face]	src/face.cpp:230	摄像头已关闭
2023-10-12 23:11:05	38065	0	[INFO]	[face]	src/face.cpp:230	摄像头已关闭
2023-10-12 23:12:11	48153	0	[INFO]	[face]	src/face.cpp:219	摄像头打开成功
2023-10-12 23:12:12	48153	0	[INFO]	[face]	src/face.cpp:211	摄像头已打开
2023-10-12 23:12:14	48153	0	[INFO]	[face]	src/face.cpp:211	摄像头已打开
2023-10-12 23:12:14	48153	0	[INFO]	[face]	src/face.cpp:211	摄像头已打开
2023-10-12 23:12:14	48153	0	[INFO]	[face]	src/face.cpp:211	摄像头已打开
2023-10-12 23:12:14	48153	0	[INFO]	[face]	src/face.cpp:211	摄像头已打开
2023-10-12 23:12:14	48153	0	[INFO]	[face]	src/face.cpp:211	摄像头已打开
2023-10-12 23:12:14	48153	0	[INFO]	[face]	src/face.cpp:211	摄像头已打开
2023-10-12 23:12:14	48153	0	[INFO]	[face]	src/face.cpp:211	摄像头已打开
2023-10-12 23:12:14	48153	0	[INFO]	[face]	src/face.cpp:211	摄像头已打开
2023-10-12 23:12:14	48153	0	[INFO]	[face]	src/face.cpp:211	摄像头已打开
2023-10-12 23:12:14	48153	0	[INFO]	[face]	src/face.cpp:211	摄像头已打开
2023-10-12 23:12:14	48153	0	[INFO]	[face]	src/face.cpp:211	摄像头已打开
2023-10-12 23:12:14	48153	0	[INFO]	[face]	src/face.cpp:211	摄像头已打开
2023-10-12 23:12:14	48153	0	[INFO]	[face]	src/face.cpp:211	摄像头已打开
2023-10-12 23:12:14	48153	0	[INFO]	[face]	src/face.cpp:211	摄像头已打开
2023-10-12 23:12:15	48153	0	[INFO]	[face]	src/face.cpp:211	摄像头已打开
2023-10-12 23:12:15	48153	0	[INFO]	[face]	src/face.cpp:211	摄像头已打开
2023-10-12 23:12:15	48153	0	[INFO]	[face]	src/face.cpp:211	摄像头已打开
2023-10-12 23:12:15	48153	0	[INFO]	[face]	src/face.cpp:211	摄像头已打开
2023-10-12 23:12:15	48153	0	[INFO]	[face]	src/face.cpp:211	摄像头已打开
2023-10-12 23:12:15	48153	0	[INFO]	[face]	src/face.cpp:211	摄像头已打开
2023-10-12 23:12:15	48153	0	[INFO]	[face]	src/face.cpp:211	摄像头已打开
2023-10-12 23:12:15	48153	0	[INFO]	[face]	src/face.cpp:211	摄像头已打开
2023-10-12 23:12:15	48153	0	[INFO]	[face]	src/face.cpp:211	摄像头已打开
2023-10-12 23:12:15	48153	0	[INFO]	[face]	src/face.cpp:211	摄像头已打开
2023-10-12 23:12:15	48153	0	[INFO]	[face]	src/face.cpp:211	摄像头已打开
2023-10-12 23:12:15	48153	0	[INFO]	[face]	src/face.cpp:211	摄像头已打开
2023-10-12 23:12:15	48153	0	[INFO]	[face]	src/face.cpp:211	摄像头已打开
2023-10-12 23:12:15	48153	0	[INFO]	[face]	src/face.cpp:211	摄像头已打开
2023-10-12 23:12:15	48153	0	[INFO]	[face]	src/face.cpp:211	摄像头已打开
2023-10-12 23:12:16	48153	0	[INFO]	[face]	src/face.cpp:211	摄像头已打开
2023-10-12 23:12:16	48153	0	[INFO]	[face]	src/face.cpp:211	摄像头已打开
2023-10-12 23:12:16	48153	0	[INFO]	[face]	src/face.cpp:211	摄像头已打开
2023-10-12 23:12:16	48153	0	[INFO]	[face]	src/face.cpp:211	摄像头已打开
2023-10-12 23:12:16	48153	0	[INFO]	[face]	src/face.cpp:211	摄像头已打开
2023-10-12 23:12:16	48153	0	[INFO]	[face]	src/face.cpp:211	摄像头已打开
2023-10-12 23:12:16	48153	0	[INFO]	[face]	src/face.cpp:211	摄像头已打开
2023-10-12 23:12:16	48153	0	[INFO]	[face]	src/face.cpp:211	摄像头已打开
2023-10-12 23:12:16	48153	0	[INFO]	[face]	src/face.cpp:211	摄像头已打开
2023-10-12 23:12:16	48153	0	[INFO]	[face]	src/face.cpp:211	摄像头已打开
2023-10-12 23:12:16	48153	0	[INFO]	[face]	src/face.cpp:211	摄像头已打开
2023-10-12 23:12:16	48153	0	[INFO]	[face]	src/face.cpp:211	摄像头已打开
2023-10-12 23:12:16	48153	0	[INFO]	[face]	src/face.cpp:211	摄像头已打开
2023-10-12 23:12:16	48153	0	[INFO]	[face]	src/face.cpp:211	摄像头已打开
2023-10-12 23:12:16	48153	0	[INFO]	[face]	src/face.cpp:211	摄像头已打开
2023-10-12 23:12:17	48153	0	[INFO]	[face]	src/face.cpp:211	摄像头已打开
2023-10-12 23:12:17	48153	0	[INFO]	[face]	src/face.cpp:211	摄像头已打开
2023-10-12 23:12:17	48153	0	[INFO]	[face]	src/face.cpp:211	摄像头已打开
2023-10-12 23:12:17	48153	0	[INFO]	[face]	src/face.cpp:211	摄像头已打开
2023-10-12 23:12:17	48153	0	[INFO]	[face]	src/face.cpp:211	摄像头已打开
2023-10-12 23:12:17	48153	0	[INFO]	[face]	src/face.cpp:211	摄像头已打开
2023-10-12 23:12:17	48153	0	[INFO]	[face]	src/face.cpp:211	摄像头已打开
2023-10-12 23:12:17	48153	0	[INFO]	[face]	src/face.cpp:211	摄像头已打开
2023-10-12 23:12:17	48153	0	[INFO]	[face]	src/face.cpp:211	摄像头已打开
2023-10-12 23:12:17	48153	0	[INFO]	[face]	src/face.cpp:211	摄像头已打开
2023-10-12 23:12:17	48153	0	[INFO]	[face]	src/face.cpp:228	摄像头已关闭
2023-10-12 23:12:17	48153	0	[INFO]	[face]	src/face.cpp:219	摄像头打开成功
2023-10-12 23:12:18	48153	0	[INFO]	[face]	src/face.cpp:211	摄像头已打开
2023-10-12 23:12:18	48153	0	[INFO]	[face]	src/face.cpp:211	摄像头已打开
2023-10-12 23:12:18	48153	0	[INFO]	[face]	src/face.cpp:211	摄像头已打开
2023-10-12 23:12:18	48153	0	[INFO]	[face]	src/face.cpp:211	摄像头已打开
2023-10-12 23:12:18	48153	0	[INFO]	[face]	src/face.cpp:211	摄像头已打开
2023-10-12 23:12:18	48153	0	[INFO]	[face]	src/face.cpp:211	摄像头已打开
2023-10-12 23:12:18	48153	0	[INFO]	[face]	src/face.cpp:211	摄像头已打开
2023-10-12 23:12:19	48153	0	[INFO]	[face]	src/face.cpp:211	摄像头已打开
2023-10-12 23:12:19	48153	0	[INFO]	[face]	src/face.cpp:211	摄像头已打开
2023-10-12 23:12:19	48153	0	[INFO]	[face]	src/face.cpp:211	摄像头已打开
2023-10-12 23:12:19	48153	0	[INFO]	[face]	src/face.cpp:211	摄像头已打开
2023-10-12 23:12:19	48153	0	[INFO]	[face]	src/face.cpp:211	摄像头已打开
2023-10-12 23:12:19	48153	0	[INFO]	[face]	src/face.cpp:211	摄像头已打开
2023-10-12 23:12:19	48153	0	[INFO]	[face]	src/face.cpp:211	摄像头已打开
2023-10-12 23:12:19	48153	0	[INFO]	[face]	src/face.cpp:211	摄像头已打开
2023-10-12 23:12:19	48153	0	[INFO]	[face]	src/face.cpp:211	摄像头已打开
2023-10-12 23:12:19	48153	0	[INFO]	[face]	src/face.cpp:211	摄像头已打开
2023-10-12 23:12:19	48153	0	[INFO]	[face]	src/face.cpp:211	摄像头已打开
2023-10-12 23:12:19	48153	0	[INFO]	[face]	src/face.cpp:211	摄像头已打开
2023-10-12 23:12:19	48153	0	[INFO]	[face]	src/face.cpp:211	摄像头已打开
2023-10-12 23:12:19	48153	0	[INFO]	[face]	src/face.cpp:211	摄像头已打开
2023-10-12 23:12:19	48153	0	[INFO]	[face]	src/face.cpp:211	摄像头已打开
2023-10-12 23:12:20	48153	0	[INFO]	[face]	src/face.cpp:211	摄像头已打开
2023-10-12 23:12:20	48153	0	[INFO]	[face]	src/face.cpp:211	摄像头已打开
2023-10-12 23:12:20	48153	0	[INFO]	[face]	src/face.cpp:211	摄像头已打开
2023-10-12 23:12:20	48153	0	[INFO]	[face]	src/face.cpp:211	摄像头已打开
2023-10-12 23:12:20	48153	0	[INFO]	[face]	src/face.cpp:211	摄像头已打开
2023-10-12 23:12:20	48153	0	[INFO]	[face]	src/face.cpp:211	摄像头已打开
2023-10-12 23:12:20	48153	0	[INFO]	[face]	src/face.cpp:211	摄像头已打开
2023-10-12 23:12:20	48153	0	[INFO]	[face]	src/face.cpp:211	摄像头已打开
2023-10-12 23:12:20	48153	0	[INFO]	[face]	src/face.cpp:211	摄像头已打开
2023-10-12 23:12:20	48153	0	[INFO]	[face]	src/face.cpp:211	摄像头已打开
2023-10-12 23:12:20	48153	0	[INFO]	[face]	src/face.cpp:211	摄像头已打开
2023-10-12 23:12:20	48153	0	[INFO]	[face]	src/face.cpp:211	摄像头已打开
2023-10-12 23:12:20	48153	0	[INFO]	[face]	src/face.cpp:211	摄像头已打开
2023-10-12 23:12:20	48153	0	[INFO]	[face]	src/face.cpp:211	摄像头已打开
2023-10-12 23:12:20	48153	0	[INFO]	[face]	src/face.cpp:211	摄像头已打开
2023-10-12 23:12:21	48153	0	[INFO]	[face]	src/face.cpp:211	摄像头已打开
2023-10-12 23:12:21	48153	0	[INFO]	[face]	src/face.cpp:211	摄像头已打开
2023-10-12 23:12:21	48153	0	[INFO]	[face]	src/face.cpp:211	摄像头已打开
2023-10-12 23:12:21	48153	0	[INFO]	[face]	src/face.cpp:211	摄像头已打开
2023-10-12 23:12:21	48153	0	[INFO]	[face]	src/face.cpp:211	摄像头已打开
2023-10-12 23:12:21	48153	0	[INFO]	[face]	src/face.cpp:211	摄像头已打开
2023-10-12 23:12:21	48153	0	[INFO]	[face]	src/face.cpp:211	摄像头已打开
2023-10-12 23:12:21	48153	0	[INFO]	[face]	src/face.cpp:211	摄像头已打开
2023-10-12 23:12:21	48153	0	[INFO]	[face]	src/face.cpp:211	摄像头已打开
2023-10-12 23:12:21	48153	0	[INFO]	[face]	src/face.cpp:211	摄像头已打开
2023-10-12 23:12:21	48153	0	[INFO]	[face]	src/face.cpp:211	摄像头已打开
2023-10-12 23:12:21	48153	0	[INFO]	[face]	src/face.cpp:211	摄像头已打开
2023-10-12 23:12:21	48153	0	[INFO]	[face]	src/face.cpp:211	摄像头已打开
2023-10-12 23:12:21	48153	0	[INFO]	[face]	src/face.cpp:211	摄像头已打开
2023-10-12 23:12:21	48153	0	[INFO]	[face]	src/face.cpp:211	摄像头已打开
2023-10-12 23:12:22	48153	0	[INFO]	[face]	src/face.cpp:211	摄像头已打开
2023-10-12 23:12:22	48153	0	[INFO]	[face]	src/face.cpp:211	摄像头已打开
2023-10-12 23:12:22	48153	0	[INFO]	[face]	src/face.cpp:211	摄像头已打开
2023-10-12 23:12:22	48153	0	[INFO]	[face]	src/face.cpp:211	摄像头已打开
2023-10-12 23:12:22	48153	0	[INFO]	[face]	src/face.cpp:211	摄像头已打开
2023-10-12 23:12:22	48153	0	[INFO]	[face]	src/face.cpp:211	摄像头已打开
2023-10-12 23:12:22	48153	0	[INFO]	[face]	src/face.cpp:211	摄像头已打开
2023-10-12 23:12:22	48153	0	[INFO]	[face]	src/face.cpp:211	摄像头已打开
2023-10-12 23:12:22	48153	0	[INFO]	[face]	src/face.cpp:211	摄像头已打开
2023-10-12 23:12:22	48153	0	[INFO]	[face]	src/face.cpp:211	摄像头已打开
2023-10-12 23:12:22	48153	0	[INFO]	[face]	src/face.cpp:211	摄像头已打开
2023-10-12 23:12:22	48153	0	[INFO]	[face]	src/face.cpp:211	摄像头已打开
2023-10-12 23:12:22	48153	0	[INFO]	[face]	src/face.cpp:211	摄像头已打开
2023-10-12 23:12:22	48153	0	[INFO]	[face]	src/face.cpp:211	摄像头已打开
2023-10-12 23:12:22	48153	0	[INFO]	[face]	src/face.cpp:211	摄像头已打开
2023-10-12 23:12:23	48153	0	[INFO]	[face]	src/face.cpp:211	摄像头已打开
2023-10-12 23:12:23	48153	0	[INFO]	[face]	src/face.cpp:211	摄像头已打开
2023-10-12 23:12:23	48153	0	[INFO]	[face]	src/face.cpp:211	摄像头已打开
2023-10-12 23:12:23	48153	0	[INFO]	[face]	src/face.cpp:211	摄像头已打开
2023-10-12 23:12:23	48153	0	[INFO]	[face]	src/face.cpp:211	摄像头已打开
2023-10-12 23:12:23	48153	0	[INFO]	[face]	src/face.cpp:211	摄像头已打开
2023-10-12 23:12:23	48153	0	[INFO]	[face]	src/face.cpp:211	摄像头已打开
2023-10-12 23:12:23	48153	0	[INFO]	[face]	src/face.cpp:211	摄像头已打开
2023-10-12 23:12:23	48153	0	[INFO]	[face]	src/face.cpp:211	摄像头已打开
2023-10-12 23:12:23	48153	0	[INFO]	[face]	src/face.cpp:211	摄像头已打开
2023-10-12 23:12:23	48153	0	[INFO]	[face]	src/face.cpp:211	摄像头已打开
2023-10-12 23:12:23	48153	0	[INFO]	[face]	src/face.cpp:211	摄像头已打开
2023-10-12 23:12:23	48153	0	[INFO]	[face]	src/face.cpp:211	摄像头已打开
2023-10-12 23:12:23	48153	0	[INFO]	[face]	src/face.cpp:211	摄像头已打开
2023-10-12 23:12:23	48153	0	[INFO]	[face]	src/face.cpp:211	摄像头已打开
2023-10-12 23:12:24	48153	0	[INFO]	[face]	src/face.cpp:211	摄像头已打开
2023-10-12 23:12:24	48153	0	[INFO]	[face]	src/face.cpp:211	摄像头已打开
2023-10-12 23:12:24	48153	0	[INFO]	[face]	src/face.cpp:211	摄像头已打开
2023-10-12 23:12:24	48153	0	[INFO]	[face]	src/face.cpp:211	摄像头已打开
2023-10-12 23:12:24	48153	0	[INFO]	[face]	src/face.cpp:211	摄像头已打开
2023-10-12 23:12:24	48153	0	[INFO]	[face]	src/face.cpp:211	摄像头已打开
2023-10-12 23:12:24	48153	0	[INFO]	[face]	src/face.cpp:211	摄像头已打开
2023-10-12 23:12:24	48153	0	[INFO]	[face]	src/face.cpp:211	摄像头已打开
2023-10-12 23:12:24	48153	0	[INFO]	[face]	src/face.cpp:211	摄像头已打开
2023-10-12 23:12:24	48153	0	[INFO]	[face]	src/face.cpp:211	摄像头已打开
2023-10-12 23:12:24	48153	0	[INFO]	[face]	src/face.cpp:211	摄像头已打开
2023-10-12 23:12:24	48153	0	[INFO]	[face]	src/face.cpp:211	摄像头已打开
2023-10-12 23:12:24	48153	0	[INFO]	[face]	src/face.cpp:211	摄像头已打开
2023-10-12 23:12:24	48153	0	[INFO]	[face]	src/face.cpp:211	摄像头已打开
2023-10-12 23:12:24	48153	0	[INFO]	[face]	src/face.cpp:211	摄像头已打开
2023-10-12 23:12:25	48153	0	[INFO]	[face]	src/face.cpp:211	摄像头已打开
2023-10-12 23:12:25	48153	0	[INFO]	[face]	src/face.cpp:211	摄像头已打开
2023-10-12 23:12:25	48153	0	[INFO]	[face]	src/face.cpp:211	摄像头已打开
2023-10-12 23:12:25	48153	0	[INFO]	[face]	src/face.cpp:211	摄像头已打开
2023-10-12 23:12:25	48153	0	[INFO]	[face]	src/face.cpp:211	摄像头已打开
2023-10-12 23:12:25	48153	0	[INFO]	[face]	src/face.cpp:211	摄像头已打开
2023-10-12 23:12:25	48153	0	[INFO]	[face]	src/face.cpp:211	摄像头已打开
2023-10-12 23:12:25	48153	0	[INFO]	[face]	src/face.cpp:211	摄像头已打开
2023-10-12 23:12:25	48153	0	[INFO]	[face]	src/face.cpp:228	摄像头已关闭
2023-10-12 23:12:25	48153	0	[INFO]	[face]	src/face.cpp:219	摄像头打开成功
2023-10-12 23:12:26	48153	0	[INFO]	[face]	src/face.cpp:211	摄像头已打开
2023-10-12 23:12:26	48153	0	[INFO]	[face]	src/face.cpp:211	摄像头已打开
2023-10-12 23:12:26	48153	0	[INFO]	[face]	src/face.cpp:211	摄像头已打开
2023-10-12 23:12:26	48153	0	[INFO]	[face]	src/face.cpp:211	摄像头已打开
2023-10-12 23:12:26	48153	0	[INFO]	[face]	src/face.cpp:211	摄像头已打开
2023-10-12 23:12:26	48153	0	[INFO]	[face]	src/face.cpp:211	摄像头已打开
2023-10-12 23:12:26	48153	0	[INFO]	[face]	src/face.cpp:211	摄像头已打开
2023-10-12 23:12:26	48153	0	[INFO]	[face]	src/face.cpp:211	摄像头已打开
2023-10-12 23:12:26	48153	0	[INFO]	[face]	src/face.cpp:211	摄像头已打开
2023-10-12 23:12:26	48153	0	[INFO]	[face]	src/face.cpp:211	摄像头已打开
2023-10-12 23:12:27	48153	0	[INFO]	[face]	src/face.cpp:211	摄像头已打开
2023-10-12 23:12:27	48153	0	[INFO]	[face]	src/face.cpp:211	摄像头已打开
2023-10-12 23:12:27	48153	0	[INFO]	[face]	src/face.cpp:211	摄像头已打开
2023-10-12 23:12:27	48153	0	[INFO]	[face]	src/face.cpp:211	摄像头已打开
2023-10-12 23:12:27	48153	0	[INFO]	[face]	src/face.cpp:211	摄像头已打开
2023-10-12 23:12:27	48153	0	[INFO]	[face]	src/face.cpp:211	摄像头已打开
2023-10-12 23:12:27	48153	0	[INFO]	[face]	src/face.cpp:211	摄像头已打开
2023-10-12 23:12:27	48153	0	[INFO]	[face]	src/face.cpp:211	摄像头已打开
2023-10-12 23:12:27	48153	0	[INFO]	[face]	src/face.cpp:211	摄像头已打开
2023-10-12 23:12:27	48153	0	[INFO]	[face]	src/face.cpp:211	摄像头已打开
2023-10-12 23:12:27	48153	0	[INFO]	[face]	src/face.cpp:211	摄像头已打开
2023-10-12 23:12:27	48153	0	[INFO]	[face]	src/face.cpp:211	摄像头已打开
2023-10-12 23:12:27	48153	0	[INFO]	[face]	src/face.cpp:211	摄像头已打开
2023-10-12 23:12:27	48153	0	[INFO]	[face]	src/face.cpp:211	摄像头已打开
2023-10-12 23:12:28	48153	0	[INFO]	[face]	src/face.cpp:238	摄像头已关闭
2023-10-12 23:14:41	55428	0	[INFO]	[face]	src/face.cpp:219	摄像头打开成功
2023-10-12 23:14:47	55428	0	[INFO]	[face]	src/face.cpp:228	摄像头已关闭
2023-10-12 23:14:49	55428	0	[INFO]	[face]	src/face.cpp:219	摄像头打开成功
2023-10-12 23:14:52	55428	0	[INFO]	[face]	src/face.cpp:228	摄像头已关闭
2023-10-12 23:14:58	55428	0	[INFO]	[face]	src/face.cpp:219	摄像头打开成功
2023-10-12 23:15:06	55428	0	[INFO]	[face]	src/face.cpp:228	摄像头已关闭
2023-10-12 23:15:07	55428	0	[INFO]	[face]	src/face.cpp:219	摄像头打开成功
2023-10-12 23:18:03	64121	0	[INFO]	[face]	src/face.cpp:219	摄像头打开成功
2023-10-12 23:18:08	67968	0	[ERROR]	[face]	src/face.cpp:177	未检测到人脸
2023-10-12 23:18:11	67968	0	[ERROR]	[face]	src/face.cpp:177	未检测到人脸
2023-10-12 23:18:15	67968	0	[ERROR]	[face]	src/face.cpp:177	未检测到人脸
2023-10-12 23:18:21	67968	0	[ERROR]	[face]	src/face.cpp:177	未检测到人脸
2023-10-12 23:18:40	67968	0	[INFO]	[face]	src/face.cpp:259	label: 20203760 confidence: 113.701
2023-10-12 23:18:54	67968	0	[INFO]	[face]	src/face.cpp:259	label: 20203760 confidence: 109.072
2023-10-12 23:19:18	67968	0	[ERROR]	[face]	src/face.cpp:177	未检测到人脸
2023-10-12 23:19:23	64121	0	[INFO]	[face]	src/face.cpp:228	摄像头已关闭
2023-10-12 23:19:24	64121	0	[INFO]	[face]	src/face.cpp:219	摄像头打开成功
2023-10-12 23:19:44	67968	0	[ERROR]	[face]	src/face.cpp:177	未检测到人脸
2023-10-12 23:19:48	67968	0	[ERROR]	[face]	src/face.cpp:177	未检测到人脸
2023-10-12 23:19:51	64121	0	[INFO]	[face]	src/face.cpp:228	摄像头已关闭
2023-10-12 23:19:53	64121	0	[INFO]	[face]	src/face.cpp:219	摄像头打开成功
2023-10-12 23:19:58	67968	0	[ERROR]	[face]	src/face.cpp:177	未检测到人脸
2023-10-12 23:20:28	64121	0	[INFO]	[face]	src/face.cpp:238	摄像头已关闭
2023-10-12 23:37:18	107909	0	[INFO]	[face]	src/face.cpp:219	摄像头打开成功
2023-10-12 23:37:27	107909	0	[INFO]	[face]	src/face.cpp:238	摄像头已关闭
2023-10-12 23:39:12	112094	0	[INFO]	[face]	src/face.cpp:219	摄像头打开成功
2023-10-12 23:39:40	112094	0	[INFO]	[face]	src/face.cpp:228	摄像头已关闭
2023-10-12 23:39:43	112094	0	[INFO]	[face]	src/face.cpp:219	摄像头打开成功
2023-10-12 23:40:04	112109	0	[INFO]	[face]	src/face.cpp:259	label: 20203760 confidence: 116.392
2023-10-12 23:40:40	112108	0	[INFO]	[face]	src/face.cpp:259	label: 20203760 confidence: 116.003
2023-10-12 23:45:08	122140	0	[INFO]	[face]	src/face.cpp:219	摄像头打开成功
2023-10-12 23:45:53	122239	0	[INFO]	[face]	src/face.cpp:259	label: 20203760 confidence: 108.568
2023-10-13 00:03:55	137163	0	[INFO]	[face]	src/face.cpp:219	摄像头打开成功
2023-10-13 00:03:57	137163	0	[INFO]	[face]	src/face.cpp:228	摄像头已关闭
2023-10-13 00:05:52	142752	0	[INFO]	[face]	src/face.cpp:219	摄像头打开成功
2023-10-13 00:06:04	142752	0	[INFO]	[face]	src/face.cpp:228	摄像头已关闭
2023-10-13 00:07:10	148329	0	[INFO]	[face]	src/face.cpp:219	摄像头打开成功
2023-10-13 00:07:25	148329	0	[INFO]	[face]	src/face.cpp:238	摄像头已关闭
2023-10-13 00:11:33	156581	0	[INFO]	[face]	src/face.cpp:219	摄像头打开成功
2023-10-13 00:11:40	160459	0	[INFO]	[face]	src/face.cpp:259	label: 20203760 confidence: 107.687
2023-10-13 00:11:49	160459	0	[ERROR]	[face]	src/face.cpp:177	未检测到人脸
2023-10-13 00:12:02	160459	0	[INFO]	[face]	src/face.cpp:259	label: 20203760 confidence: 106.473
2023-10-13 00:12:12	160459	0	[INFO]	[face]	src/face.cpp:259	label: 20203760 confidence: 106.231
2023-10-13 00:12:12	164948	0	[INFO]	[face]	src/face.cpp:259	label: 20203760 confidence: 107.575
2023-10-13 00:12:33	164948	0	[INFO]	[face]	src/face.cpp:259	label: 20203760 confidence: 106.03
2023-10-13 00:12:38	160459	0	[INFO]	[face]	src/face.cpp:259	label: 20203760 confidence: 108.793
2023-10-13 00:12:58	160459	0	[ERROR]	[face]	src/face.cpp:177	未检测到人脸
2023-10-13 00:13:12	160459	0	[INFO]	[face]	src/face.cpp:259	label: 20203760 confidence: 100.873
2023-10-13 00:13:17	164948	0	[INFO]	[face]	src/face.cpp:259	label: 20203760 confidence: 106.565
2023-10-13 00:13:33	164948	0	[INFO]	[face]	src/face.cpp:259	label: 20203760 confidence: 107.481
2023-10-13 00:13:36	160459	0	[INFO]	[face]	src/face.cpp:259	label: 20203760 confidence: 114.35
2023-10-13 00:13:38	164948	0	[INFO]	[face]	src/face.cpp:259	label: 20203760 confidence: 109.679
2023-10-13 00:13:46	164948	0	[INFO]	[face]	src/face.cpp:259	label: 20203760 confidence: 105.161
2023-10-13 00:13:53	164948	0	[INFO]	[face]	src/face.cpp:259	label: 20203760 confidence: 112.446
2023-10-13 00:13:56	160459	0	[INFO]	[face]	src/face.cpp:259	label: 20203760 confidence: 112.225
2023-10-13 00:14:07	160459	0	[INFO]	[face]	src/face.cpp:259	label: 20203760 confidence: 116.727
2023-10-13 00:14:09	164948	0	[INFO]	[face]	src/face.cpp:259	label: 20203760 confidence: 109.957
2023-10-13 00:14:11	160459	0	[INFO]	[face]	src/face.cpp:259	label: 20203760 confidence: 113.241
2023-10-13 00:14:13	164948	0	[INFO]	[face]	src/face.cpp:259	label: 20203760 confidence: 109.375
2023-10-13 00:14:17	164948	0	[INFO]	[face]	src/face.cpp:259	label: 20203760 confidence: 109.304
2023-10-13 00:14:19	160459	0	[INFO]	[face]	src/face.cpp:259	label: 20203760 confidence: 109.377
2023-10-13 00:14:21	164948	0	[INFO]	[face]	src/face.cpp:259	label: 20203760 confidence: 109.533
2023-10-13 00:14:24	164948	0	[INFO]	[face]	src/face.cpp:259	label: 20203760 confidence: 108.109
2023-10-13 00:14:29	156581	0	[INFO]	[face]	src/face.cpp:228	摄像头已关闭
2023-10-13 00:14:32	156581	0	[INFO]	[face]	src/face.cpp:219	摄像头打开成功
2023-10-13 00:14:41	164948	0	[INFO]	[face]	src/face.cpp:259	label: 20203760 confidence: 109.951
2023-10-13 00:14:45	160459	0	[INFO]	[face]	src/face.cpp:259	label: 20203760 confidence: 105.82
2023-10-13 00:14:47	164948	0	[INFO]	[face]	src/face.cpp:259	label: 20203760 confidence: 108.758
2023-10-13 00:14:51	156581	0	[INFO]	[face]	src/face.cpp:228	摄像头已关闭
2023-10-13 00:14:52	156581	0	[INFO]	[face]	src/face.cpp:219	摄像头打开成功
2023-10-13 00:14:54	160459	0	[INFO]	[face]	src/face.cpp:259	label: 20203760 confidence: 114.144
2023-10-13 00:15:03	160459	0	[INFO]	[face]	src/face.cpp:259	label: 20203760 confidence: 111.032
2023-10-13 00:15:05	164948	0	[ERROR]	[face]	src/face.cpp:177	未检测到人脸
2023-10-13 00:15:16	205223	0	[INFO]	[face]	src/face.cpp:259	label: 20203760 confidence: 105.494
2023-10-13 00:15:16	164948	0	[INFO]	[face]	src/face.cpp:259	label: 20203760 confidence: 103.013
2023-10-13 00:15:17	164948	0	[INFO]	[face]	src/face.cpp:259	label: 20203760 confidence: 114.143
2023-10-13 00:15:17	205223	0	[INFO]	[face]	src/face.cpp:259	label: 20203760 confidence: 115.647
2023-10-13 00:15:42	164948	0	[INFO]	[face]	src/face.cpp:259	label: 20203760 confidence: 113.241
2023-10-13 00:15:46	156581	0	[INFO]	[face]	src/face.cpp:238	摄像头已关闭
2023-10-13 00:16:47	209944	0	[INFO]	[face]	src/face.cpp:219	摄像头打开成功
2023-10-13 00:17:07	213777	0	[INFO]	[face]	src/face.cpp:259	label: 20203760 confidence: 107.778
2023-10-13 00:17:13	213777	0	[INFO]	[face]	src/face.cpp:259	label: 20203760 confidence: 119.271
2023-10-13 00:17:17	213777	0	[INFO]	[face]	src/face.cpp:259	label: 20203760 confidence: 119.164
2023-10-13 00:17:19	213777	0	[INFO]	[face]	src/face.cpp:259	label: 20203760 confidence: 123.762
2023-10-13 00:17:21	213777	0	[INFO]	[face]	src/face.cpp:259	label: 20203760 confidence: 109.445
2023-10-13 00:17:51	213777	0	[INFO]	[face]	src/face.cpp:259	label: 20203760 confidence: 107.693
2023-10-13 00:18:06	209944	0	[INFO]	[face]	src/face.cpp:238	摄像头已关闭
2023-10-13 00:18:44	222977	0	[INFO]	[face]	src/face.cpp:219	摄像头打开成功
2023-10-13 00:18:50	226811	0	[INFO]	[face]	src/face.cpp:259	label: 20203760 confidence: 111.23
2023-10-13 00:18:52	226811	0	[INFO]	[face]	src/face.cpp:259	label: 20203760 confidence: 118.886
2023-10-13 00:18:54	226811	0	[INFO]	[face]	src/face.cpp:259	label: 20203760 confidence: 116.463
2023-10-13 00:18:55	226811	0	[INFO]	[face]	src/face.cpp:259	label: 20203760 confidence: 113.825
2023-10-13 00:18:57	226811	0	[INFO]	[face]	src/face.cpp:259	label: 20203760 confidence: 114.992
2023-10-13 00:18:58	226811	0	[INFO]	[face]	src/face.cpp:259	label: 20203760 confidence: 110.113
2023-10-13 00:19:00	226811	0	[INFO]	[face]	src/face.cpp:259	label: 20203760 confidence: 110.64
2023-10-13 00:19:02	226811	0	[INFO]	[face]	src/face.cpp:259	label: 20203760 confidence: 108.583
2023-10-13 00:19:03	222977	0	[INFO]	[face]	src/face.cpp:238	摄像头已关闭
2023-10-13 00:19:54	240816	0	[INFO]	[face]	src/face.cpp:219	摄像头打开成功
2023-10-13 00:20:17	244650	0	[INFO]	[face]	src/face.cpp:259	label: 20203760 confidence: 105.682
2023-10-13 00:20:19	244650	0	[INFO]	[face]	src/face.cpp:259	label: 20203760 confidence: 107.437
2023-10-13 00:20:24	240816	0	[INFO]	[face]	src/face.cpp:238	摄像头已关闭
2023-10-13 00:21:03	247863	0	[INFO]	[face]	src/face.cpp:219	摄像头打开成功
2023-10-13 00:21:13	251697	0	[INFO]	[face]	src/face.cpp:259	label: 20203760 confidence: 104.533
2023-10-13 00:21:20	251697	0	[INFO]	[face]	src/face.cpp:259	label: 20203760 confidence: 114.024
2023-10-13 00:21:22	251697	0	[INFO]	[face]	src/face.cpp:259	label: 20203760 confidence: 108.336
2023-10-13 00:21:24	251697	0	[INFO]	[face]	src/face.cpp:259	label: 20203760 confidence: 115.572
2023-10-13 00:21:26	251697	0	[INFO]	[face]	src/face.cpp:259	label: 20203760 confidence: 108.689
2023-10-13 00:21:28	251697	0	[INFO]	[face]	src/face.cpp:259	label: 20203760 confidence: 111.42
2023-10-13 00:21:30	251697	0	[INFO]	[face]	src/face.cpp:259	label: 20203760 confidence: 109.39
2023-10-13 00:21:32	251697	0	[ERROR]	[face]	src/face.cpp:177	未检测到人脸
2023-10-13 00:21:38	251697	0	[INFO]	[face]	src/face.cpp:259	label: 20203760 confidence: 110.143
2023-10-13 00:21:40	251697	0	[INFO]	[face]	src/face.cpp:259	label: 20203760 confidence: 111.053
2023-10-13 00:21:42	251697	0	[INFO]	[face]	src/face.cpp:259	label: 20203760 confidence: 109.185
2023-10-13 00:21:43	247863	0	[INFO]	[face]	src/face.cpp:238	摄像头已关闭
