2023-10-12 16:27:49	23313	0	[INFO]	[mainwindow]	src/mainwindow.cpp:110	发送开始测量命令
2023-10-12 16:27:50	23313	0	[INFO]	[mainwindow]	src/mainwindow.cpp:110	发送开始测量命令
2023-10-12 16:27:51	23313	0	[INFO]	[mainwindow]	src/mainwindow.cpp:110	发送开始测量命令
2023-10-12 16:27:52	23313	0	[INFO]	[mainwindow]	src/mainwindow.cpp:110	发送开始测量命令
2023-10-12 16:27:53	23313	0	[INFO]	[mainwindow]	src/mainwindow.cpp:110	发送开始测量命令
2023-10-12 16:27:54	23313	0	[INFO]	[mainwindow]	src/mainwindow.cpp:110	发送开始测量命令
2023-10-12 16:27:55	23313	0	[INFO]	[mainwindow]	src/mainwindow.cpp:110	发送开始测量命令
2023-10-12 16:27:56	23313	0	[INFO]	[mainwindow]	src/mainwindow.cpp:110	发送开始测量命令
2023-10-12 16:27:57	23313	0	[INFO]	[mainwindow]	src/mainwindow.cpp:110	发送开始测量命令
2023-10-12 16:27:57	23313	0	[INFO]	[mainwindow]	src/mainwindow.cpp:110	发送开始测量命令
2023-10-12 16:27:58	23313	0	[INFO]	[mainwindow]	src/mainwindow.cpp:110	发送开始测量命令
2023-10-12 16:27:59	23313	0	[INFO]	[mainwindow]	src/mainwindow.cpp:110	发送开始测量命令
2023-10-12 16:28:00	23313	0	[INFO]	[mainwindow]	src/mainwindow.cpp:110	发送开始测量命令
2023-10-12 16:28:01	23313	0	[INFO]	[mainwindow]	src/mainwindow.cpp:110	发送开始测量命令
2023-10-12 16:28:02	23313	0	[INFO]	[mainwindow]	src/mainwindow.cpp:110	发送开始测量命令
2023-10-12 16:28:03	23313	0	[INFO]	[mainwindow]	src/mainwindow.cpp:143	测量到的体温数据为：36.18
2023-10-12 16:28:03	23313	0	[INFO]	[mainwindow]	src/mainwindow.cpp:110	发送开始测量命令
2023-10-12 16:28:04	23313	0	[INFO]	[mainwindow]	src/mainwindow.cpp:110	发送开始测量命令
2023-10-12 16:28:05	23313	0	[INFO]	[mainwindow]	src/mainwindow.cpp:110	发送开始测量命令
2023-10-12 16:28:06	23313	0	[INFO]	[mainwindow]	src/mainwindow.cpp:143	测量到的体温数据为：36.32
2023-10-12 16:28:07	23313	0	[INFO]	[mainwindow]	src/mainwindow.cpp:110	发送开始测量命令
2023-10-12 16:28:07	23313	0	[INFO]	[mainwindow]	src/mainwindow.cpp:143	测量到的体温数据为：36.24
2023-10-12 16:28:08	23313	0	[INFO]	[mainwindow]	src/mainwindow.cpp:110	发送开始测量命令
2023-10-12 16:28:08	23313	0	[INFO]	[mainwindow]	src/mainwindow.cpp:143	测量到的体温数据为：36.24
2023-10-12 16:28:09	23313	0	[INFO]	[mainwindow]	src/mainwindow.cpp:110	发送开始测量命令
2023-10-12 16:28:10	23313	0	[INFO]	[mainwindow]	src/mainwindow.cpp:110	发送开始测量命令
2023-10-12 16:28:10	23313	0	[INFO]	[mainwindow]	src/mainwindow.cpp:143	测量到的体温数据为：36.24
2023-10-12 16:28:11	23313	0	[INFO]	[mainwindow]	src/mainwindow.cpp:110	发送开始测量命令
2023-10-12 16:28:11	23313	0	[INFO]	[mainwindow]	src/mainwindow.cpp:143	测量到的体温数据为：36.22
2023-10-12 16:28:12	23313	0	[INFO]	[mainwindow]	src/mainwindow.cpp:110	发送开始测量命令
2023-10-12 16:28:12	23313	0	[INFO]	[mainwindow]	src/mainwindow.cpp:143	测量到的体温数据为：36.2
2023-10-12 16:28:12	23313	0	[INFO]	[mainwindow]	src/mainwindow.cpp:110	发送开始测量命令
2023-10-12 16:28:13	23313	0	[INFO]	[mainwindow]	src/mainwindow.cpp:143	测量到的体温数据为：36.18
2023-10-12 16:28:13	23313	0	[INFO]	[mainwindow]	src/mainwindow.cpp:110	发送开始测量命令
2023-10-12 16:28:14	23313	0	[INFO]	[mainwindow]	src/mainwindow.cpp:110	发送开始测量命令
2023-10-12 16:28:15	23313	0	[INFO]	[mainwindow]	src/mainwindow.cpp:143	测量到的体温数据为：36.12
2023-10-12 16:28:15	23313	0	[INFO]	[mainwindow]	src/mainwindow.cpp:110	发送开始测量命令
2023-10-12 16:28:16	23313	0	[INFO]	[mainwindow]	src/mainwindow.cpp:143	测量到的体温数据为：35.58
2023-10-12 16:28:16	23313	0	[INFO]	[mainwindow]	src/mainwindow.cpp:126	测量到的体温平均值为：36.152
2023-10-12 16:56:25	31877	0	[INFO]	[mainwindow]	src/mainwindow.cpp:117	发送开始测量命令
2023-10-12 16:56:26	31877	0	[INFO]	[mainwindow]	src/mainwindow.cpp:117	发送开始测量命令
2023-10-12 16:56:27	31877	0	[INFO]	[mainwindow]	src/mainwindow.cpp:117	发送开始测量命令
2023-10-12 16:56:27	31877	0	[INFO]	[mainwindow]	src/mainwindow.cpp:150	测量到的体温数据为：33.26
2023-10-12 16:56:28	31877	0	[INFO]	[mainwindow]	src/mainwindow.cpp:117	发送开始测量命令
2023-10-12 16:56:29	31877	0	[INFO]	[mainwindow]	src/mainwindow.cpp:117	发送开始测量命令
2023-10-12 16:56:29	31877	0	[INFO]	[mainwindow]	src/mainwindow.cpp:150	测量到的体温数据为：36.38
2023-10-12 16:56:30	31877	0	[INFO]	[mainwindow]	src/mainwindow.cpp:117	发送开始测量命令
2023-10-12 16:56:30	31877	0	[INFO]	[mainwindow]	src/mainwindow.cpp:150	测量到的体温数据为：36.38
2023-10-12 16:56:31	31877	0	[INFO]	[mainwindow]	src/mainwindow.cpp:117	发送开始测量命令
2023-10-12 16:56:31	31877	0	[INFO]	[mainwindow]	src/mainwindow.cpp:150	测量到的体温数据为：36.42
2023-10-12 16:56:32	31877	0	[INFO]	[mainwindow]	src/mainwindow.cpp:117	发送开始测量命令
2023-10-12 16:56:32	31877	0	[INFO]	[mainwindow]	src/mainwindow.cpp:150	测量到的体温数据为：36.44
2023-10-12 16:56:33	31877	0	[INFO]	[mainwindow]	src/mainwindow.cpp:117	发送开始测量命令
2023-10-12 16:56:34	31877	0	[INFO]	[mainwindow]	src/mainwindow.cpp:117	发送开始测量命令
2023-10-12 16:56:34	31877	0	[INFO]	[mainwindow]	src/mainwindow.cpp:150	测量到的体温数据为：36.44
2023-10-12 16:56:35	31877	0	[INFO]	[mainwindow]	src/mainwindow.cpp:117	发送开始测量命令
2023-10-12 16:56:36	31877	0	[INFO]	[mainwindow]	src/mainwindow.cpp:150	测量到的体温数据为：36.44
2023-10-12 16:56:36	31877	0	[INFO]	[mainwindow]	src/mainwindow.cpp:117	发送开始测量命令
2023-10-12 16:56:36	31877	0	[INFO]	[mainwindow]	src/mainwindow.cpp:150	测量到的体温数据为：36.46
2023-10-12 16:56:37	31877	0	[INFO]	[mainwindow]	src/mainwindow.cpp:117	发送开始测量命令
2023-10-12 16:56:38	31877	0	[INFO]	[mainwindow]	src/mainwindow.cpp:150	测量到的体温数据为：36.48
2023-10-12 16:56:38	31877	0	[INFO]	[mainwindow]	src/mainwindow.cpp:117	发送开始测量命令
2023-10-12 16:56:39	31877	0	[INFO]	[mainwindow]	src/mainwindow.cpp:117	发送开始测量命令
2023-10-12 16:56:40	31877	0	[INFO]	[mainwindow]	src/mainwindow.cpp:150	测量到的体温数据为：36.44
2023-10-12 16:56:40	31877	0	[INFO]	[mainwindow]	src/mainwindow.cpp:133	测量到的体温平均值为：36.114
2023-10-12 22:04:16	8555	0	[INFO]	[mainwindow]	src/mainwindow.cpp:123	发送开始测量命令
2023-10-12 22:04:16	8555	0	[INFO]	[mainwindow]	src/mainwindow.cpp:123	发送开始测量命令
2023-10-12 22:04:16	8555	0	[INFO]	[mainwindow]	src/mainwindow.cpp:123	发送开始测量命令
2023-10-12 22:04:16	8555	0	[INFO]	[mainwindow]	src/mainwindow.cpp:123	发送开始测量命令
2023-10-12 22:04:16	8555	0	[INFO]	[mainwindow]	src/mainwindow.cpp:123	发送开始测量命令
2023-10-12 22:04:16	8555	0	[INFO]	[mainwindow]	src/mainwindow.cpp:123	发送开始测量命令
2023-10-12 22:04:16	8555	0	[INFO]	[mainwindow]	src/mainwindow.cpp:123	发送开始测量命令
2023-10-12 22:04:16	8555	0	[INFO]	[mainwindow]	src/mainwindow.cpp:123	发送开始测量命令
2023-10-12 22:04:16	8555	0	[INFO]	[mainwindow]	src/mainwindow.cpp:123	发送开始测量命令
2023-10-12 22:04:17	8555	0	[INFO]	[mainwindow]	src/mainwindow.cpp:123	发送开始测量命令
2023-10-12 22:04:17	8555	0	[INFO]	[mainwindow]	src/mainwindow.cpp:123	发送开始测量命令
2023-10-12 22:04:17	8555	0	[INFO]	[mainwindow]	src/mainwindow.cpp:123	发送开始测量命令
2023-10-12 22:04:17	8555	0	[INFO]	[mainwindow]	src/mainwindow.cpp:123	发送开始测量命令
2023-10-12 22:04:17	8555	0	[INFO]	[mainwindow]	src/mainwindow.cpp:123	发送开始测量命令
2023-10-12 22:04:17	8555	0	[INFO]	[mainwindow]	src/mainwindow.cpp:123	发送开始测量命令
2023-10-12 22:04:17	8555	0	[INFO]	[mainwindow]	src/mainwindow.cpp:123	发送开始测量命令
2023-10-12 22:04:17	8555	0	[INFO]	[mainwindow]	src/mainwindow.cpp:123	发送开始测量命令
2023-10-12 22:04:17	8555	0	[INFO]	[mainwindow]	src/mainwindow.cpp:123	发送开始测量命令
2023-10-12 22:04:17	8555	0	[INFO]	[mainwindow]	src/mainwindow.cpp:123	发送开始测量命令
2023-10-12 22:04:17	8555	0	[INFO]	[mainwindow]	src/mainwindow.cpp:123	发送开始测量命令
2023-10-12 22:04:17	8555	0	[INFO]	[mainwindow]	src/mainwindow.cpp:157	测量到的体温数据为：34.4
2023-10-12 22:04:18	8555	0	[INFO]	[mainwindow]	src/mainwindow.cpp:123	发送开始测量命令
2023-10-12 22:04:18	8555	0	[INFO]	[mainwindow]	src/mainwindow.cpp:123	发送开始测量命令
2023-10-12 22:04:18	8555	0	[INFO]	[mainwindow]	src/mainwindow.cpp:123	发送开始测量命令
2023-10-12 22:04:18	8555	0	[INFO]	[mainwindow]	src/mainwindow.cpp:157	测量到的体温数据为：35.58
2023-10-12 22:04:18	8555	0	[INFO]	[mainwindow]	src/mainwindow.cpp:123	发送开始测量命令
2023-10-12 22:04:18	8555	0	[INFO]	[mainwindow]	src/mainwindow.cpp:123	发送开始测量命令
2023-10-12 22:04:18	8555	0	[INFO]	[mainwindow]	src/mainwindow.cpp:123	发送开始测量命令
2023-10-12 22:04:18	8555	0	[INFO]	[mainwindow]	src/mainwindow.cpp:123	发送开始测量命令
2023-10-12 22:04:18	8555	0	[INFO]	[mainwindow]	src/mainwindow.cpp:157	测量到的体温数据为：35.54
2023-10-12 22:04:18	8555	0	[INFO]	[mainwindow]	src/mainwindow.cpp:123	发送开始测量命令
2023-10-12 22:04:18	8555	0	[INFO]	[mainwindow]	src/mainwindow.cpp:123	发送开始测量命令
2023-10-12 22:04:19	8555	0	[INFO]	[mainwindow]	src/mainwindow.cpp:123	发送开始测量命令
2023-10-12 22:04:19	8555	0	[INFO]	[mainwindow]	src/mainwindow.cpp:123	发送开始测量命令
2023-10-12 22:04:19	8555	0	[INFO]	[mainwindow]	src/mainwindow.cpp:157	测量到的体温数据为：35.56
2023-10-12 22:04:19	8555	0	[INFO]	[mainwindow]	src/mainwindow.cpp:123	发送开始测量命令
2023-10-12 22:04:19	8555	0	[INFO]	[mainwindow]	src/mainwindow.cpp:123	发送开始测量命令
2023-10-12 22:04:19	8555	0	[INFO]	[mainwindow]	src/mainwindow.cpp:123	发送开始测量命令
2023-10-12 22:04:19	8555	0	[INFO]	[mainwindow]	src/mainwindow.cpp:123	发送开始测量命令
2023-10-12 22:04:19	8555	0	[INFO]	[mainwindow]	src/mainwindow.cpp:157	测量到的体温数据为：35.64
2023-10-12 22:04:19	8555	0	[INFO]	[mainwindow]	src/mainwindow.cpp:123	发送开始测量命令
2023-10-12 22:04:19	8555	0	[INFO]	[mainwindow]	src/mainwindow.cpp:123	发送开始测量命令
2023-10-12 22:04:19	8555	0	[INFO]	[mainwindow]	src/mainwindow.cpp:123	发送开始测量命令
2023-10-12 22:04:19	8555	0	[INFO]	[mainwindow]	src/mainwindow.cpp:123	发送开始测量命令
2023-10-12 22:04:19	8555	0	[INFO]	[mainwindow]	src/mainwindow.cpp:157	测量到的体温数据为：35.68
2023-10-12 22:04:20	8555	0	[INFO]	[mainwindow]	src/mainwindow.cpp:123	发送开始测量命令
2023-10-12 22:04:20	8555	0	[INFO]	[mainwindow]	src/mainwindow.cpp:123	发送开始测量命令
2023-10-12 22:04:20	8555	0	[INFO]	[mainwindow]	src/mainwindow.cpp:123	发送开始测量命令
2023-10-12 22:04:20	8555	0	[INFO]	[mainwindow]	src/mainwindow.cpp:123	发送开始测量命令
2023-10-12 22:04:20	8555	0	[INFO]	[mainwindow]	src/mainwindow.cpp:157	测量到的体温数据为：35.74
2023-10-12 22:04:20	8555	0	[INFO]	[mainwindow]	src/mainwindow.cpp:123	发送开始测量命令
2023-10-12 22:04:20	8555	0	[INFO]	[mainwindow]	src/mainwindow.cpp:123	发送开始测量命令
2023-10-12 22:04:20	8555	0	[INFO]	[mainwindow]	src/mainwindow.cpp:123	发送开始测量命令
2023-10-12 22:04:20	8555	0	[INFO]	[mainwindow]	src/mainwindow.cpp:123	发送开始测量命令
2023-10-12 22:04:20	8555	0	[INFO]	[mainwindow]	src/mainwindow.cpp:157	测量到的体温数据为：35.76
2023-10-12 22:04:20	8555	0	[INFO]	[mainwindow]	src/mainwindow.cpp:123	发送开始测量命令
2023-10-12 22:04:20	8555	0	[INFO]	[mainwindow]	src/mainwindow.cpp:123	发送开始测量命令
2023-10-12 22:04:21	8555	0	[INFO]	[mainwindow]	src/mainwindow.cpp:123	发送开始测量命令
2023-10-12 22:04:21	8555	0	[INFO]	[mainwindow]	src/mainwindow.cpp:123	发送开始测量命令
2023-10-12 22:04:21	8555	0	[INFO]	[mainwindow]	src/mainwindow.cpp:157	测量到的体温数据为：35.76
2023-10-12 22:04:21	8555	0	[INFO]	[mainwindow]	src/mainwindow.cpp:123	发送开始测量命令
2023-10-12 22:04:21	8555	0	[INFO]	[mainwindow]	src/mainwindow.cpp:123	发送开始测量命令
2023-10-12 22:04:21	8555	0	[INFO]	[mainwindow]	src/mainwindow.cpp:123	发送开始测量命令
2023-10-12 22:04:21	8555	0	[INFO]	[mainwindow]	src/mainwindow.cpp:123	发送开始测量命令
2023-10-12 22:04:21	8555	0	[INFO]	[mainwindow]	src/mainwindow.cpp:157	测量到的体温数据为：35.78
2023-10-12 22:04:21	8555	0	[INFO]	[mainwindow]	src/mainwindow.cpp:139	测量到的体温平均值为：35.544
2023-10-12 22:04:21	8555	0	[INFO]	[mainwindow]	src/mainwindow.cpp:157	测量到的体温数据为：35.78
2023-10-12 22:04:22	8555	0	[INFO]	[mainwindow]	src/mainwindow.cpp:157	测量到的体温数据为：35.3
2023-10-12 22:04:49	8555	0	[INFO]	[mainwindow]	src/mainwindow.cpp:123	发送开始测量命令
2023-10-12 22:04:49	8555	0	[INFO]	[mainwindow]	src/mainwindow.cpp:123	发送开始测量命令
2023-10-12 22:04:49	8555	0	[INFO]	[mainwindow]	src/mainwindow.cpp:123	发送开始测量命令
2023-10-12 22:04:49	8555	0	[INFO]	[mainwindow]	src/mainwindow.cpp:123	发送开始测量命令
2023-10-12 22:04:49	8555	0	[INFO]	[mainwindow]	src/mainwindow.cpp:123	发送开始测量命令
2023-10-12 22:04:49	8555	0	[INFO]	[mainwindow]	src/mainwindow.cpp:157	测量到的体温数据为：34.7
2023-10-12 22:04:49	8555	0	[INFO]	[mainwindow]	src/mainwindow.cpp:123	发送开始测量命令
2023-10-12 22:04:49	8555	0	[INFO]	[mainwindow]	src/mainwindow.cpp:123	发送开始测量命令
2023-10-12 22:04:49	8555	0	[INFO]	[mainwindow]	src/mainwindow.cpp:123	发送开始测量命令
2023-10-12 22:04:50	8555	0	[INFO]	[mainwindow]	src/mainwindow.cpp:123	发送开始测量命令
2023-10-12 22:04:50	8555	0	[INFO]	[mainwindow]	src/mainwindow.cpp:157	测量到的体温数据为：35.78
2023-10-12 22:04:50	8555	0	[INFO]	[mainwindow]	src/mainwindow.cpp:123	发送开始测量命令
2023-10-12 22:04:50	8555	0	[INFO]	[mainwindow]	src/mainwindow.cpp:123	发送开始测量命令
2023-10-12 22:04:50	8555	0	[INFO]	[mainwindow]	src/mainwindow.cpp:123	发送开始测量命令
2023-10-12 22:04:50	8555	0	[INFO]	[mainwindow]	src/mainwindow.cpp:123	发送开始测量命令
2023-10-12 22:04:50	8555	0	[INFO]	[mainwindow]	src/mainwindow.cpp:157	测量到的体温数据为：36.14
2023-10-12 22:04:50	8555	0	[INFO]	[mainwindow]	src/mainwindow.cpp:123	发送开始测量命令
2023-10-12 22:04:50	8555	0	[INFO]	[mainwindow]	src/mainwindow.cpp:123	发送开始测量命令
2023-10-12 22:04:50	8555	0	[INFO]	[mainwindow]	src/mainwindow.cpp:123	发送开始测量命令
2023-10-12 22:04:50	8555	0	[INFO]	[mainwindow]	src/mainwindow.cpp:123	发送开始测量命令
2023-10-12 22:04:50	8555	0	[INFO]	[mainwindow]	src/mainwindow.cpp:157	测量到的体温数据为：36.3
2023-10-12 22:04:50	8555	0	[INFO]	[mainwindow]	src/mainwindow.cpp:123	发送开始测量命令
2023-10-12 22:04:51	8555	0	[INFO]	[mainwindow]	src/mainwindow.cpp:123	发送开始测量命令
2023-10-12 22:04:51	8555	0	[INFO]	[mainwindow]	src/mainwindow.cpp:123	发送开始测量命令
2023-10-12 22:04:51	8555	0	[INFO]	[mainwindow]	src/mainwindow.cpp:123	发送开始测量命令
2023-10-12 22:04:51	8555	0	[INFO]	[mainwindow]	src/mainwindow.cpp:157	测量到的体温数据为：36.38
2023-10-12 22:04:51	8555	0	[INFO]	[mainwindow]	src/mainwindow.cpp:123	发送开始测量命令
2023-10-12 22:04:51	8555	0	[INFO]	[mainwindow]	src/mainwindow.cpp:123	发送开始测量命令
2023-10-12 22:04:51	8555	0	[INFO]	[mainwindow]	src/mainwindow.cpp:123	发送开始测量命令
2023-10-12 22:04:51	8555	0	[INFO]	[mainwindow]	src/mainwindow.cpp:123	发送开始测量命令
2023-10-12 22:04:51	8555	0	[INFO]	[mainwindow]	src/mainwindow.cpp:157	测量到的体温数据为：36.38
2023-10-12 22:04:51	8555	0	[INFO]	[mainwindow]	src/mainwindow.cpp:123	发送开始测量命令
2023-10-12 22:04:51	8555	0	[INFO]	[mainwindow]	src/mainwindow.cpp:123	发送开始测量命令
2023-10-12 22:04:51	8555	0	[INFO]	[mainwindow]	src/mainwindow.cpp:123	发送开始测量命令
2023-10-12 22:04:52	8555	0	[INFO]	[mainwindow]	src/mainwindow.cpp:123	发送开始测量命令
2023-10-12 22:04:52	8555	0	[INFO]	[mainwindow]	src/mainwindow.cpp:157	测量到的体温数据为：36.4
2023-10-12 22:04:52	8555	0	[INFO]	[mainwindow]	src/mainwindow.cpp:123	发送开始测量命令
2023-10-12 22:04:52	8555	0	[INFO]	[mainwindow]	src/mainwindow.cpp:123	发送开始测量命令
2023-10-12 22:04:52	8555	0	[INFO]	[mainwindow]	src/mainwindow.cpp:123	发送开始测量命令
2023-10-12 22:04:52	8555	0	[INFO]	[mainwindow]	src/mainwindow.cpp:123	发送开始测量命令
2023-10-12 22:04:52	8555	0	[INFO]	[mainwindow]	src/mainwindow.cpp:157	测量到的体温数据为：36.4
2023-10-12 22:04:52	8555	0	[INFO]	[mainwindow]	src/mainwindow.cpp:123	发送开始测量命令
2023-10-12 22:04:52	8555	0	[INFO]	[mainwindow]	src/mainwindow.cpp:123	发送开始测量命令
2023-10-12 22:04:52	8555	0	[INFO]	[mainwindow]	src/mainwindow.cpp:123	发送开始测量命令
2023-10-12 22:04:52	8555	0	[INFO]	[mainwindow]	src/mainwindow.cpp:123	发送开始测量命令
2023-10-12 22:04:52	8555	0	[INFO]	[mainwindow]	src/mainwindow.cpp:157	测量到的体温数据为：36.4
2023-10-12 22:04:52	8555	0	[INFO]	[mainwindow]	src/mainwindow.cpp:123	发送开始测量命令
2023-10-12 22:04:53	8555	0	[INFO]	[mainwindow]	src/mainwindow.cpp:123	发送开始测量命令
2023-10-12 22:04:53	8555	0	[INFO]	[mainwindow]	src/mainwindow.cpp:123	发送开始测量命令
2023-10-12 22:04:53	8555	0	[INFO]	[mainwindow]	src/mainwindow.cpp:123	发送开始测量命令
2023-10-12 22:04:53	8555	0	[INFO]	[mainwindow]	src/mainwindow.cpp:157	测量到的体温数据为：36.42
2023-10-12 22:04:53	8555	0	[INFO]	[mainwindow]	src/mainwindow.cpp:139	测量到的体温平均值为：36.13
2023-10-12 22:04:53	8555	0	[INFO]	[mainwindow]	src/mainwindow.cpp:157	测量到的体温数据为：36.4
2023-10-12 22:04:54	8555	0	[INFO]	[mainwindow]	src/mainwindow.cpp:157	测量到的体温数据为：36.4
2023-10-12 23:18:08	67968	0	[INFO]	[mainwindow]	src/mainwindow.cpp:93	开始人脸识别
2023-10-12 23:18:11	67968	0	[INFO]	[mainwindow]	src/mainwindow.cpp:93	开始人脸识别
2023-10-12 23:18:15	67968	0	[INFO]	[mainwindow]	src/mainwindow.cpp:93	开始人脸识别
2023-10-12 23:18:21	67968	0	[INFO]	[mainwindow]	src/mainwindow.cpp:93	开始人脸识别
2023-10-12 23:18:40	67968	0	[INFO]	[mainwindow]	src/mainwindow.cpp:93	开始人脸识别
2023-10-12 23:18:54	67968	0	[INFO]	[mainwindow]	src/mainwindow.cpp:93	开始人脸识别
2023-10-12 23:18:57	64121	0	[INFO]	[mainwindow]	src/mainwindow.cpp:124	发送开始测量命令
2023-10-12 23:18:57	64121	0	[INFO]	[mainwindow]	src/mainwindow.cpp:124	发送开始测量命令
2023-10-12 23:18:58	64121	0	[INFO]	[mainwindow]	src/mainwindow.cpp:124	发送开始测量命令
2023-10-12 23:18:58	64121	0	[INFO]	[mainwindow]	src/mainwindow.cpp:124	发送开始测量命令
2023-10-12 23:18:58	64121	0	[INFO]	[mainwindow]	src/mainwindow.cpp:124	发送开始测量命令
2023-10-12 23:18:58	64121	0	[INFO]	[mainwindow]	src/mainwindow.cpp:124	发送开始测量命令
2023-10-12 23:18:58	64121	0	[INFO]	[mainwindow]	src/mainwindow.cpp:124	发送开始测量命令
2023-10-12 23:18:58	64121	0	[INFO]	[mainwindow]	src/mainwindow.cpp:124	发送开始测量命令
2023-10-12 23:18:58	64121	0	[INFO]	[mainwindow]	src/mainwindow.cpp:124	发送开始测量命令
2023-10-12 23:18:58	64121	0	[INFO]	[mainwindow]	src/mainwindow.cpp:124	发送开始测量命令
2023-10-12 23:18:58	64121	0	[INFO]	[mainwindow]	src/mainwindow.cpp:124	发送开始测量命令
2023-10-12 23:18:58	64121	0	[INFO]	[mainwindow]	src/mainwindow.cpp:124	发送开始测量命令
2023-10-12 23:18:58	64121	0	[INFO]	[mainwindow]	src/mainwindow.cpp:124	发送开始测量命令
2023-10-12 23:18:59	64121	0	[INFO]	[mainwindow]	src/mainwindow.cpp:124	发送开始测量命令
2023-10-12 23:18:59	64121	0	[INFO]	[mainwindow]	src/mainwindow.cpp:124	发送开始测量命令
2023-10-12 23:18:59	64121	0	[INFO]	[mainwindow]	src/mainwindow.cpp:124	发送开始测量命令
2023-10-12 23:18:59	64121	0	[INFO]	[mainwindow]	src/mainwindow.cpp:124	发送开始测量命令
2023-10-12 23:18:59	64121	0	[INFO]	[mainwindow]	src/mainwindow.cpp:124	发送开始测量命令
2023-10-12 23:18:59	64121	0	[INFO]	[mainwindow]	src/mainwindow.cpp:124	发送开始测量命令
2023-10-12 23:18:59	64121	0	[INFO]	[mainwindow]	src/mainwindow.cpp:124	发送开始测量命令
2023-10-12 23:18:59	64121	0	[INFO]	[mainwindow]	src/mainwindow.cpp:124	发送开始测量命令
2023-10-12 23:18:59	64121	0	[INFO]	[mainwindow]	src/mainwindow.cpp:124	发送开始测量命令
2023-10-12 23:18:59	64121	0	[INFO]	[mainwindow]	src/mainwindow.cpp:124	发送开始测量命令
2023-10-12 23:19:00	64121	0	[INFO]	[mainwindow]	src/mainwindow.cpp:124	发送开始测量命令
2023-10-12 23:19:00	64121	0	[INFO]	[mainwindow]	src/mainwindow.cpp:124	发送开始测量命令
2023-10-12 23:19:00	64121	0	[INFO]	[mainwindow]	src/mainwindow.cpp:124	发送开始测量命令
2023-10-12 23:19:00	64121	0	[INFO]	[mainwindow]	src/mainwindow.cpp:124	发送开始测量命令
2023-10-12 23:19:00	64121	0	[INFO]	[mainwindow]	src/mainwindow.cpp:124	发送开始测量命令
2023-10-12 23:19:00	64121	0	[INFO]	[mainwindow]	src/mainwindow.cpp:124	发送开始测量命令
2023-10-12 23:19:00	64121	0	[INFO]	[mainwindow]	src/mainwindow.cpp:124	发送开始测量命令
2023-10-12 23:19:00	64121	0	[INFO]	[mainwindow]	src/mainwindow.cpp:124	发送开始测量命令
2023-10-12 23:19:00	64121	0	[INFO]	[mainwindow]	src/mainwindow.cpp:124	发送开始测量命令
2023-10-12 23:19:01	64121	0	[INFO]	[mainwindow]	src/mainwindow.cpp:124	发送开始测量命令
2023-10-12 23:19:01	64121	0	[INFO]	[mainwindow]	src/mainwindow.cpp:124	发送开始测量命令
2023-10-12 23:19:01	64121	0	[INFO]	[mainwindow]	src/mainwindow.cpp:124	发送开始测量命令
2023-10-12 23:19:01	64121	0	[INFO]	[mainwindow]	src/mainwindow.cpp:124	发送开始测量命令
2023-10-12 23:19:01	64121	0	[INFO]	[mainwindow]	src/mainwindow.cpp:124	发送开始测量命令
2023-10-12 23:19:01	64121	0	[INFO]	[mainwindow]	src/mainwindow.cpp:124	发送开始测量命令
2023-10-12 23:19:01	64121	0	[INFO]	[mainwindow]	src/mainwindow.cpp:124	发送开始测量命令
2023-10-12 23:19:01	64121	0	[INFO]	[mainwindow]	src/mainwindow.cpp:124	发送开始测量命令
2023-10-12 23:19:01	64121	0	[INFO]	[mainwindow]	src/mainwindow.cpp:124	发送开始测量命令
2023-10-12 23:19:01	64121	0	[INFO]	[mainwindow]	src/mainwindow.cpp:158	测量到的体温数据为：33.88
2023-10-12 23:19:01	64121	0	[INFO]	[mainwindow]	src/mainwindow.cpp:124	发送开始测量命令
2023-10-12 23:19:02	64121	0	[INFO]	[mainwindow]	src/mainwindow.cpp:124	发送开始测量命令
2023-10-12 23:19:02	64121	0	[INFO]	[mainwindow]	src/mainwindow.cpp:124	发送开始测量命令
2023-10-12 23:19:02	64121	0	[INFO]	[mainwindow]	src/mainwindow.cpp:124	发送开始测量命令
2023-10-12 23:19:02	64121	0	[INFO]	[mainwindow]	src/mainwindow.cpp:158	测量到的体温数据为：35.76
2023-10-12 23:19:02	64121	0	[INFO]	[mainwindow]	src/mainwindow.cpp:124	发送开始测量命令
2023-10-12 23:19:02	64121	0	[INFO]	[mainwindow]	src/mainwindow.cpp:124	发送开始测量命令
2023-10-12 23:19:02	64121	0	[INFO]	[mainwindow]	src/mainwindow.cpp:124	发送开始测量命令
2023-10-12 23:19:02	64121	0	[INFO]	[mainwindow]	src/mainwindow.cpp:124	发送开始测量命令
2023-10-12 23:19:02	64121	0	[INFO]	[mainwindow]	src/mainwindow.cpp:158	测量到的体温数据为：35.7
2023-10-12 23:19:02	64121	0	[INFO]	[mainwindow]	src/mainwindow.cpp:124	发送开始测量命令
2023-10-12 23:19:02	64121	0	[INFO]	[mainwindow]	src/mainwindow.cpp:124	发送开始测量命令
2023-10-12 23:19:02	64121	0	[INFO]	[mainwindow]	src/mainwindow.cpp:124	发送开始测量命令
2023-10-12 23:19:03	64121	0	[INFO]	[mainwindow]	src/mainwindow.cpp:158	测量到的体温数据为：35.7
2023-10-12 23:19:03	64121	0	[INFO]	[mainwindow]	src/mainwindow.cpp:124	发送开始测量命令
2023-10-12 23:19:03	64121	0	[INFO]	[mainwindow]	src/mainwindow.cpp:124	发送开始测量命令
2023-10-12 23:19:03	64121	0	[INFO]	[mainwindow]	src/mainwindow.cpp:124	发送开始测量命令
2023-10-12 23:19:03	64121	0	[INFO]	[mainwindow]	src/mainwindow.cpp:124	发送开始测量命令
2023-10-12 23:19:03	64121	0	[INFO]	[mainwindow]	src/mainwindow.cpp:158	测量到的体温数据为：35.7
2023-10-12 23:19:03	64121	0	[INFO]	[mainwindow]	src/mainwindow.cpp:124	发送开始测量命令
2023-10-12 23:19:03	64121	0	[INFO]	[mainwindow]	src/mainwindow.cpp:124	发送开始测量命令
2023-10-12 23:19:03	64121	0	[INFO]	[mainwindow]	src/mainwindow.cpp:124	发送开始测量命令
2023-10-12 23:19:03	64121	0	[INFO]	[mainwindow]	src/mainwindow.cpp:124	发送开始测量命令
2023-10-12 23:19:03	64121	0	[INFO]	[mainwindow]	src/mainwindow.cpp:158	测量到的体温数据为：35.78
2023-10-12 23:19:03	64121	0	[INFO]	[mainwindow]	src/mainwindow.cpp:124	发送开始测量命令
2023-10-12 23:19:03	64121	0	[INFO]	[mainwindow]	src/mainwindow.cpp:124	发送开始测量命令
2023-10-12 23:19:04	64121	0	[INFO]	[mainwindow]	src/mainwindow.cpp:124	发送开始测量命令
2023-10-12 23:19:04	64121	0	[INFO]	[mainwindow]	src/mainwindow.cpp:124	发送开始测量命令
2023-10-12 23:19:04	64121	0	[INFO]	[mainwindow]	src/mainwindow.cpp:158	测量到的体温数据为：35.8
2023-10-12 23:19:04	64121	0	[INFO]	[mainwindow]	src/mainwindow.cpp:124	发送开始测量命令
2023-10-12 23:19:04	64121	0	[INFO]	[mainwindow]	src/mainwindow.cpp:124	发送开始测量命令
2023-10-12 23:19:04	64121	0	[INFO]	[mainwindow]	src/mainwindow.cpp:124	发送开始测量命令
2023-10-12 23:19:04	64121	0	[INFO]	[mainwindow]	src/mainwindow.cpp:124	发送开始测量命令
2023-10-12 23:19:04	64121	0	[INFO]	[mainwindow]	src/mainwindow.cpp:158	测量到的体温数据为：35.82
2023-10-12 23:19:04	64121	0	[INFO]	[mainwindow]	src/mainwindow.cpp:124	发送开始测量命令
2023-10-12 23:19:04	64121	0	[INFO]	[mainwindow]	src/mainwindow.cpp:124	发送开始测量命令
2023-10-12 23:19:04	64121	0	[INFO]	[mainwindow]	src/mainwindow.cpp:124	发送开始测量命令
2023-10-12 23:19:05	64121	0	[INFO]	[mainwindow]	src/mainwindow.cpp:124	发送开始测量命令
2023-10-12 23:19:05	64121	0	[INFO]	[mainwindow]	src/mainwindow.cpp:158	测量到的体温数据为：32.56
2023-10-12 23:19:05	64121	0	[INFO]	[mainwindow]	src/mainwindow.cpp:124	发送开始测量命令
2023-10-12 23:19:05	64121	0	[INFO]	[mainwindow]	src/mainwindow.cpp:124	发送开始测量命令
2023-10-12 23:19:05	64121	0	[INFO]	[mainwindow]	src/mainwindow.cpp:124	发送开始测量命令
2023-10-12 23:19:05	64121	0	[INFO]	[mainwindow]	src/mainwindow.cpp:124	发送开始测量命令
2023-10-12 23:19:05	64121	0	[INFO]	[mainwindow]	src/mainwindow.cpp:124	发送开始测量命令
2023-10-12 23:19:05	64121	0	[INFO]	[mainwindow]	src/mainwindow.cpp:124	发送开始测量命令
2023-10-12 23:19:05	64121	0	[INFO]	[mainwindow]	src/mainwindow.cpp:124	发送开始测量命令
2023-10-12 23:19:05	64121	0	[INFO]	[mainwindow]	src/mainwindow.cpp:124	发送开始测量命令
2023-10-12 23:19:05	64121	0	[INFO]	[mainwindow]	src/mainwindow.cpp:124	发送开始测量命令
2023-10-12 23:19:05	64121	0	[INFO]	[mainwindow]	src/mainwindow.cpp:124	发送开始测量命令
2023-10-12 23:19:06	64121	0	[INFO]	[mainwindow]	src/mainwindow.cpp:124	发送开始测量命令
2023-10-12 23:19:06	64121	0	[INFO]	[mainwindow]	src/mainwindow.cpp:124	发送开始测量命令
2023-10-12 23:19:06	64121	0	[INFO]	[mainwindow]	src/mainwindow.cpp:158	测量到的体温数据为：32.54
2023-10-12 23:19:06	64121	0	[INFO]	[mainwindow]	src/mainwindow.cpp:140	测量到的体温平均值为：34.924
2023-10-12 23:19:06	64121	0	[INFO]	[mainwindow]	src/mainwindow.cpp:158	测量到的体温数据为：36.66
2023-10-12 23:19:07	64121	0	[INFO]	[mainwindow]	src/mainwindow.cpp:158	测量到的体温数据为：36.48
2023-10-12 23:19:18	67968	0	[INFO]	[mainwindow]	src/mainwindow.cpp:93	开始人脸识别
2023-10-12 23:19:44	67968	0	[INFO]	[mainwindow]	src/mainwindow.cpp:93	开始人脸识别
2023-10-12 23:19:48	67968	0	[INFO]	[mainwindow]	src/mainwindow.cpp:93	开始人脸识别
2023-10-12 23:19:58	67968	0	[INFO]	[mainwindow]	src/mainwindow.cpp:93	开始人脸识别
2023-10-12 23:40:04	112109	0	[INFO]	[mainwindow]	src/mainwindow.cpp:98	开始人脸识别
2023-10-12 23:40:40	112108	0	[INFO]	[mainwindow]	src/mainwindow.cpp:98	开始人脸识别
2023-10-12 23:45:53	122239	0	[INFO]	[mainwindow]	src/mainwindow.cpp:98	开始人脸识别
2023-10-13 00:07:14	152162	0	[INFO]	[mainwindow]	src/mainwindow.cpp:85	开始人脸识别
2023-10-13 00:11:40	160459	0	[INFO]	[mainwindow]	src/mainwindow.cpp:86	开始人脸识别1
2023-10-13 00:11:40	160459	0	[INFO]	[mainwindow]	src/mainwindow.cpp:89	开始人脸识别2
2023-10-13 00:11:40	156581	0	[INFO]	[mainwindow]	src/mainwindow.cpp:57	开始人脸识别4
2023-10-13 00:11:49	160459	0	[INFO]	[mainwindow]	src/mainwindow.cpp:86	开始人脸识别1
2023-10-13 00:11:49	160459	0	[INFO]	[mainwindow]	src/mainwindow.cpp:89	开始人脸识别2
2023-10-13 00:11:49	156581	0	[INFO]	[mainwindow]	src/mainwindow.cpp:57	开始人脸识别4
2023-10-13 00:11:52	160459	0	[INFO]	[mainwindow]	src/mainwindow.cpp:86	开始人脸识别1
2023-10-13 00:12:02	160459	0	[INFO]	[mainwindow]	src/mainwindow.cpp:86	开始人脸识别1
2023-10-13 00:12:02	160459	0	[INFO]	[mainwindow]	src/mainwindow.cpp:89	开始人脸识别2
2023-10-13 00:12:02	156581	0	[INFO]	[mainwindow]	src/mainwindow.cpp:57	开始人脸识别4
2023-10-13 00:12:07	160459	0	[INFO]	[mainwindow]	src/mainwindow.cpp:86	开始人脸识别1
2023-10-13 00:12:10	160459	0	[INFO]	[mainwindow]	src/mainwindow.cpp:86	开始人脸识别1
2023-10-13 00:12:11	160459	0	[INFO]	[mainwindow]	src/mainwindow.cpp:86	开始人脸识别1
2023-10-13 00:12:12	164948	0	[INFO]	[mainwindow]	src/mainwindow.cpp:86	开始人脸识别1
2023-10-13 00:12:12	160459	0	[INFO]	[mainwindow]	src/mainwindow.cpp:89	开始人脸识别2
2023-10-13 00:12:12	156581	0	[INFO]	[mainwindow]	src/mainwindow.cpp:57	开始人脸识别4
2023-10-13 00:12:12	164948	0	[INFO]	[mainwindow]	src/mainwindow.cpp:89	开始人脸识别2
2023-10-13 00:12:12	156581	0	[INFO]	[mainwindow]	src/mainwindow.cpp:57	开始人脸识别4
2023-10-13 00:12:19	160459	0	[INFO]	[mainwindow]	src/mainwindow.cpp:86	开始人脸识别1
2023-10-13 00:12:28	164948	0	[INFO]	[mainwindow]	src/mainwindow.cpp:86	开始人脸识别1
2023-10-13 00:12:30	160459	0	[INFO]	[mainwindow]	src/mainwindow.cpp:86	开始人脸识别1
2023-10-13 00:12:32	164948	0	[INFO]	[mainwindow]	src/mainwindow.cpp:86	开始人脸识别1
2023-10-13 00:12:33	164948	0	[INFO]	[mainwindow]	src/mainwindow.cpp:89	开始人脸识别2
2023-10-13 00:12:33	156581	0	[INFO]	[mainwindow]	src/mainwindow.cpp:57	开始人脸识别4
2023-10-13 00:12:37	160459	0	[INFO]	[mainwindow]	src/mainwindow.cpp:86	开始人脸识别1
2023-10-13 00:12:38	160459	0	[INFO]	[mainwindow]	src/mainwindow.cpp:89	开始人脸识别2
2023-10-13 00:12:38	156581	0	[INFO]	[mainwindow]	src/mainwindow.cpp:57	开始人脸识别4
2023-10-13 00:12:42	164948	0	[INFO]	[mainwindow]	src/mainwindow.cpp:86	开始人脸识别1
2023-10-13 00:12:58	160459	0	[INFO]	[mainwindow]	src/mainwindow.cpp:86	开始人脸识别1
2023-10-13 00:12:58	160459	0	[INFO]	[mainwindow]	src/mainwindow.cpp:89	开始人脸识别2
2023-10-13 00:12:58	156581	0	[INFO]	[mainwindow]	src/mainwindow.cpp:57	开始人脸识别4
2023-10-13 00:13:06	164948	0	[INFO]	[mainwindow]	src/mainwindow.cpp:86	开始人脸识别1
2023-10-13 00:13:11	160459	0	[INFO]	[mainwindow]	src/mainwindow.cpp:86	开始人脸识别1
2023-10-13 00:13:12	160459	0	[INFO]	[mainwindow]	src/mainwindow.cpp:89	开始人脸识别2
2023-10-13 00:13:12	156581	0	[INFO]	[mainwindow]	src/mainwindow.cpp:57	开始人脸识别4
2023-10-13 00:13:14	164948	0	[INFO]	[mainwindow]	src/mainwindow.cpp:86	开始人脸识别1
2023-10-13 00:13:16	160459	0	[INFO]	[mainwindow]	src/mainwindow.cpp:86	开始人脸识别1
2023-10-13 00:13:17	164948	0	[INFO]	[mainwindow]	src/mainwindow.cpp:86	开始人脸识别1
2023-10-13 00:13:17	164948	0	[INFO]	[mainwindow]	src/mainwindow.cpp:89	开始人脸识别2
2023-10-13 00:13:17	156581	0	[INFO]	[mainwindow]	src/mainwindow.cpp:57	开始人脸识别4
2023-10-13 00:13:26	160459	0	[INFO]	[mainwindow]	src/mainwindow.cpp:86	开始人脸识别1
2023-10-13 00:13:33	164948	0	[INFO]	[mainwindow]	src/mainwindow.cpp:86	开始人脸识别1
2023-10-13 00:13:33	164948	0	[INFO]	[mainwindow]	src/mainwindow.cpp:89	开始人脸识别2
2023-10-13 00:13:33	156581	0	[INFO]	[mainwindow]	src/mainwindow.cpp:57	开始人脸识别4
2023-10-13 00:13:35	160459	0	[INFO]	[mainwindow]	src/mainwindow.cpp:86	开始人脸识别1
2023-10-13 00:13:36	160459	0	[INFO]	[mainwindow]	src/mainwindow.cpp:89	开始人脸识别2
2023-10-13 00:13:36	156581	0	[INFO]	[mainwindow]	src/mainwindow.cpp:57	开始人脸识别4
2023-10-13 00:13:38	164948	0	[INFO]	[mainwindow]	src/mainwindow.cpp:86	开始人脸识别1
2023-10-13 00:13:38	164948	0	[INFO]	[mainwindow]	src/mainwindow.cpp:89	开始人脸识别2
2023-10-13 00:13:38	156581	0	[INFO]	[mainwindow]	src/mainwindow.cpp:57	开始人脸识别4
2023-10-13 00:13:40	160459	0	[INFO]	[mainwindow]	src/mainwindow.cpp:86	开始人脸识别1
2023-10-13 00:13:45	164948	0	[INFO]	[mainwindow]	src/mainwindow.cpp:86	开始人脸识别1
2023-10-13 00:13:46	164948	0	[INFO]	[mainwindow]	src/mainwindow.cpp:89	开始人脸识别2
2023-10-13 00:13:46	156581	0	[INFO]	[mainwindow]	src/mainwindow.cpp:57	开始人脸识别4
2023-10-13 00:13:47	160459	0	[INFO]	[mainwindow]	src/mainwindow.cpp:86	开始人脸识别1
2023-10-13 00:13:53	164948	0	[INFO]	[mainwindow]	src/mainwindow.cpp:86	开始人脸识别1
2023-10-13 00:13:53	164948	0	[INFO]	[mainwindow]	src/mainwindow.cpp:89	开始人脸识别2
2023-10-13 00:13:53	156581	0	[INFO]	[mainwindow]	src/mainwindow.cpp:57	开始人脸识别4
2023-10-13 00:13:55	160459	0	[INFO]	[mainwindow]	src/mainwindow.cpp:86	开始人脸识别1
2023-10-13 00:13:55	160459	0	[INFO]	[mainwindow]	src/mainwindow.cpp:89	开始人脸识别2
2023-10-13 00:13:56	156581	0	[INFO]	[mainwindow]	src/mainwindow.cpp:57	开始人脸识别4
2023-10-13 00:13:57	164948	0	[INFO]	[mainwindow]	src/mainwindow.cpp:86	开始人脸识别1
2023-10-13 00:14:07	160459	0	[INFO]	[mainwindow]	src/mainwindow.cpp:86	开始人脸识别1
2023-10-13 00:14:07	160459	0	[INFO]	[mainwindow]	src/mainwindow.cpp:89	开始人脸识别2
2023-10-13 00:14:07	156581	0	[INFO]	[mainwindow]	src/mainwindow.cpp:57	开始人脸识别4
2023-10-13 00:14:09	164948	0	[INFO]	[mainwindow]	src/mainwindow.cpp:86	开始人脸识别1
2023-10-13 00:14:09	164948	0	[INFO]	[mainwindow]	src/mainwindow.cpp:89	开始人脸识别2
2023-10-13 00:14:09	156581	0	[INFO]	[mainwindow]	src/mainwindow.cpp:57	开始人脸识别4
2023-10-13 00:14:10	160459	0	[INFO]	[mainwindow]	src/mainwindow.cpp:86	开始人脸识别1
2023-10-13 00:14:11	160459	0	[INFO]	[mainwindow]	src/mainwindow.cpp:89	开始人脸识别2
2023-10-13 00:14:11	156581	0	[INFO]	[mainwindow]	src/mainwindow.cpp:57	开始人脸识别4
2023-10-13 00:14:12	164948	0	[INFO]	[mainwindow]	src/mainwindow.cpp:86	开始人脸识别1
2023-10-13 00:14:13	164948	0	[INFO]	[mainwindow]	src/mainwindow.cpp:89	开始人脸识别2
2023-10-13 00:14:13	156581	0	[INFO]	[mainwindow]	src/mainwindow.cpp:57	开始人脸识别4
2023-10-13 00:14:14	160459	0	[INFO]	[mainwindow]	src/mainwindow.cpp:86	开始人脸识别1
2023-10-13 00:14:16	164948	0	[INFO]	[mainwindow]	src/mainwindow.cpp:86	开始人脸识别1
2023-10-13 00:14:17	164948	0	[INFO]	[mainwindow]	src/mainwindow.cpp:89	开始人脸识别2
2023-10-13 00:14:17	156581	0	[INFO]	[mainwindow]	src/mainwindow.cpp:57	开始人脸识别4
2023-10-13 00:14:18	160459	0	[INFO]	[mainwindow]	src/mainwindow.cpp:86	开始人脸识别1
2023-10-13 00:14:19	160459	0	[INFO]	[mainwindow]	src/mainwindow.cpp:89	开始人脸识别2
2023-10-13 00:14:19	156581	0	[INFO]	[mainwindow]	src/mainwindow.cpp:57	开始人脸识别4
2023-10-13 00:14:21	164948	0	[INFO]	[mainwindow]	src/mainwindow.cpp:86	开始人脸识别1
2023-10-13 00:14:21	164948	0	[INFO]	[mainwindow]	src/mainwindow.cpp:89	开始人脸识别2
2023-10-13 00:14:21	156581	0	[INFO]	[mainwindow]	src/mainwindow.cpp:57	开始人脸识别4
2023-10-13 00:14:22	160459	0	[INFO]	[mainwindow]	src/mainwindow.cpp:86	开始人脸识别1
2023-10-13 00:14:24	164948	0	[INFO]	[mainwindow]	src/mainwindow.cpp:86	开始人脸识别1
2023-10-13 00:14:24	164948	0	[INFO]	[mainwindow]	src/mainwindow.cpp:89	开始人脸识别2
2023-10-13 00:14:24	156581	0	[INFO]	[mainwindow]	src/mainwindow.cpp:57	开始人脸识别4
2023-10-13 00:14:34	160459	0	[INFO]	[mainwindow]	src/mainwindow.cpp:86	开始人脸识别1
2023-10-13 00:14:41	164948	0	[INFO]	[mainwindow]	src/mainwindow.cpp:86	开始人脸识别1
2023-10-13 00:14:41	164948	0	[INFO]	[mainwindow]	src/mainwindow.cpp:89	开始人脸识别2
2023-10-13 00:14:41	156581	0	[INFO]	[mainwindow]	src/mainwindow.cpp:57	开始人脸识别4
2023-10-13 00:14:44	160459	0	[INFO]	[mainwindow]	src/mainwindow.cpp:86	开始人脸识别1
2023-10-13 00:14:45	160459	0	[INFO]	[mainwindow]	src/mainwindow.cpp:89	开始人脸识别2
2023-10-13 00:14:45	156581	0	[INFO]	[mainwindow]	src/mainwindow.cpp:57	开始人脸识别4
2023-10-13 00:14:46	164948	0	[INFO]	[mainwindow]	src/mainwindow.cpp:86	开始人脸识别1
2023-10-13 00:14:47	164948	0	[INFO]	[mainwindow]	src/mainwindow.cpp:89	开始人脸识别2
2023-10-13 00:14:47	156581	0	[INFO]	[mainwindow]	src/mainwindow.cpp:57	开始人脸识别4
2023-10-13 00:14:54	160459	0	[INFO]	[mainwindow]	src/mainwindow.cpp:86	开始人脸识别1
2023-10-13 00:14:54	160459	0	[INFO]	[mainwindow]	src/mainwindow.cpp:89	开始人脸识别2
2023-10-13 00:14:54	156581	0	[INFO]	[mainwindow]	src/mainwindow.cpp:57	开始人脸识别4
2023-10-13 00:14:56	164948	0	[INFO]	[mainwindow]	src/mainwindow.cpp:86	开始人脸识别1
2023-10-13 00:15:02	160459	0	[INFO]	[mainwindow]	src/mainwindow.cpp:86	开始人脸识别1
2023-10-13 00:15:03	160459	0	[INFO]	[mainwindow]	src/mainwindow.cpp:89	开始人脸识别2
2023-10-13 00:15:03	156581	0	[INFO]	[mainwindow]	src/mainwindow.cpp:57	开始人脸识别4
2023-10-13 00:15:04	164948	0	[INFO]	[mainwindow]	src/mainwindow.cpp:86	开始人脸识别1
2023-10-13 00:15:05	164948	0	[INFO]	[mainwindow]	src/mainwindow.cpp:89	开始人脸识别2
2023-10-13 00:15:05	156581	0	[INFO]	[mainwindow]	src/mainwindow.cpp:57	开始人脸识别4
2023-10-13 00:15:07	160459	0	[INFO]	[mainwindow]	src/mainwindow.cpp:86	开始人脸识别1
2023-10-13 00:15:10	164948	0	[INFO]	[mainwindow]	src/mainwindow.cpp:86	开始人脸识别1
2023-10-13 00:15:12	160459	0	[INFO]	[mainwindow]	src/mainwindow.cpp:86	开始人脸识别1
2023-10-13 00:15:13	164948	0	[INFO]	[mainwindow]	src/mainwindow.cpp:86	开始人脸识别1
2023-10-13 00:15:13	160459	0	[INFO]	[mainwindow]	src/mainwindow.cpp:86	开始人脸识别1
2023-10-13 00:15:14	164948	0	[INFO]	[mainwindow]	src/mainwindow.cpp:86	开始人脸识别1
2023-10-13 00:15:15	160459	0	[INFO]	[mainwindow]	src/mainwindow.cpp:86	开始人脸识别1
2023-10-13 00:15:15	164948	0	[INFO]	[mainwindow]	src/mainwindow.cpp:86	开始人脸识别1
2023-10-13 00:15:15	205223	0	[INFO]	[mainwindow]	src/mainwindow.cpp:86	开始人脸识别1
2023-10-13 00:15:15	205224	0	[INFO]	[mainwindow]	src/mainwindow.cpp:86	开始人脸识别1
2023-10-13 00:15:16	164948	0	[INFO]	[mainwindow]	src/mainwindow.cpp:86	开始人脸识别1
2023-10-13 00:15:16	160459	0	[INFO]	[mainwindow]	src/mainwindow.cpp:86	开始人脸识别1
2023-10-13 00:15:16	205223	0	[INFO]	[mainwindow]	src/mainwindow.cpp:89	开始人脸识别2
2023-10-13 00:15:16	156581	0	[INFO]	[mainwindow]	src/mainwindow.cpp:57	开始人脸识别4
2023-10-13 00:15:16	205223	0	[INFO]	[mainwindow]	src/mainwindow.cpp:86	开始人脸识别1
2023-10-13 00:15:16	164948	0	[INFO]	[mainwindow]	src/mainwindow.cpp:89	开始人脸识别2
2023-10-13 00:15:16	164948	0	[INFO]	[mainwindow]	src/mainwindow.cpp:86	开始人脸识别1
2023-10-13 00:15:17	156581	0	[INFO]	[mainwindow]	src/mainwindow.cpp:57	开始人脸识别4
2023-10-13 00:15:17	164948	0	[INFO]	[mainwindow]	src/mainwindow.cpp:89	开始人脸识别2
2023-10-13 00:15:17	156581	0	[INFO]	[mainwindow]	src/mainwindow.cpp:57	开始人脸识别4
2023-10-13 00:15:17	205223	0	[INFO]	[mainwindow]	src/mainwindow.cpp:89	开始人脸识别2
2023-10-13 00:15:17	156581	0	[INFO]	[mainwindow]	src/mainwindow.cpp:57	开始人脸识别4
2023-10-13 00:15:24	205224	0	[INFO]	[mainwindow]	src/mainwindow.cpp:86	开始人脸识别1
2023-10-13 00:15:32	160459	0	[INFO]	[mainwindow]	src/mainwindow.cpp:86	开始人脸识别1
2023-10-13 00:15:35	164948	0	[INFO]	[mainwindow]	src/mainwindow.cpp:86	开始人脸识别1
2023-10-13 00:15:39	205223	0	[INFO]	[mainwindow]	src/mainwindow.cpp:86	开始人脸识别1
2023-10-13 00:15:40	205224	0	[INFO]	[mainwindow]	src/mainwindow.cpp:86	开始人脸识别1
2023-10-13 00:15:41	160459	0	[INFO]	[mainwindow]	src/mainwindow.cpp:86	开始人脸识别1
2023-10-13 00:15:42	164948	0	[INFO]	[mainwindow]	src/mainwindow.cpp:86	开始人脸识别1
2023-10-13 00:15:42	164948	0	[INFO]	[mainwindow]	src/mainwindow.cpp:89	开始人脸识别2
2023-10-13 00:15:42	205223	0	[INFO]	[mainwindow]	src/mainwindow.cpp:86	开始人脸识别1
2023-10-13 00:15:42	156581	0	[INFO]	[mainwindow]	src/mainwindow.cpp:57	开始人脸识别4
2023-10-13 00:16:54	213777	0	[INFO]	[mainwindow]	src/mainwindow.cpp:86	开始人脸识别1
2023-10-13 00:17:03	213777	0	[INFO]	[mainwindow]	src/mainwindow.cpp:86	开始人脸识别1
2023-10-13 00:17:05	213777	0	[INFO]	[mainwindow]	src/mainwindow.cpp:86	开始人脸识别1
2023-10-13 00:17:06	213777	0	[INFO]	[mainwindow]	src/mainwindow.cpp:86	开始人脸识别1
2023-10-13 00:17:07	213777	0	[INFO]	[mainwindow]	src/mainwindow.cpp:89	开始人脸识别2
2023-10-13 00:17:07	209944	0	[INFO]	[mainwindow]	src/mainwindow.cpp:57	开始人脸识别4
2023-10-13 00:17:12	213777	0	[INFO]	[mainwindow]	src/mainwindow.cpp:86	开始人脸识别1
2023-10-13 00:17:13	213777	0	[INFO]	[mainwindow]	src/mainwindow.cpp:89	开始人脸识别2
2023-10-13 00:17:13	209944	0	[INFO]	[mainwindow]	src/mainwindow.cpp:57	开始人脸识别4
2023-10-13 00:17:16	213777	0	[INFO]	[mainwindow]	src/mainwindow.cpp:86	开始人脸识别1
2023-10-13 00:17:17	213777	0	[INFO]	[mainwindow]	src/mainwindow.cpp:89	开始人脸识别2
2023-10-13 00:17:17	209944	0	[INFO]	[mainwindow]	src/mainwindow.cpp:57	开始人脸识别4
2023-10-13 00:17:18	213777	0	[INFO]	[mainwindow]	src/mainwindow.cpp:86	开始人脸识别1
2023-10-13 00:17:19	213777	0	[INFO]	[mainwindow]	src/mainwindow.cpp:89	开始人脸识别2
2023-10-13 00:17:19	209944	0	[INFO]	[mainwindow]	src/mainwindow.cpp:57	开始人脸识别4
2023-10-13 00:17:20	213777	0	[INFO]	[mainwindow]	src/mainwindow.cpp:86	开始人脸识别1
2023-10-13 00:17:21	213777	0	[INFO]	[mainwindow]	src/mainwindow.cpp:89	开始人脸识别2
2023-10-13 00:17:21	209944	0	[INFO]	[mainwindow]	src/mainwindow.cpp:57	开始人脸识别4
2023-10-13 00:17:22	213777	0	[INFO]	[mainwindow]	src/mainwindow.cpp:86	开始人脸识别1
2023-10-13 00:17:35	213777	0	[INFO]	[mainwindow]	src/mainwindow.cpp:86	开始人脸识别1
2023-10-13 00:17:37	213777	0	[INFO]	[mainwindow]	src/mainwindow.cpp:86	开始人脸识别1
2023-10-13 00:17:42	213777	0	[INFO]	[mainwindow]	src/mainwindow.cpp:86	开始人脸识别1
2023-10-13 00:17:43	213777	0	[INFO]	[mainwindow]	src/mainwindow.cpp:86	开始人脸识别1
2023-10-13 00:17:47	213777	0	[INFO]	[mainwindow]	src/mainwindow.cpp:86	开始人脸识别1
2023-10-13 00:17:49	213777	0	[INFO]	[mainwindow]	src/mainwindow.cpp:86	开始人脸识别1
2023-10-13 00:17:50	213777	0	[INFO]	[mainwindow]	src/mainwindow.cpp:86	开始人脸识别1
2023-10-13 00:17:51	213777	0	[INFO]	[mainwindow]	src/mainwindow.cpp:86	开始人脸识别1
2023-10-13 00:17:51	213777	0	[INFO]	[mainwindow]	src/mainwindow.cpp:89	开始人脸识别2
2023-10-13 00:17:51	209944	0	[INFO]	[mainwindow]	src/mainwindow.cpp:57	开始人脸识别4
2023-10-13 00:18:50	226811	0	[INFO]	[mainwindow]	src/mainwindow.cpp:86	开始人脸识别1
2023-10-13 00:18:50	226811	0	[INFO]	[mainwindow]	src/mainwindow.cpp:89	开始人脸识别2
2023-10-13 00:18:50	222977	0	[INFO]	[mainwindow]	src/mainwindow.cpp:57	开始人脸识别4
2023-10-13 00:18:52	226811	0	[INFO]	[mainwindow]	src/mainwindow.cpp:86	开始人脸识别1
2023-10-13 00:18:52	226811	0	[INFO]	[mainwindow]	src/mainwindow.cpp:89	开始人脸识别2
2023-10-13 00:18:52	222977	0	[INFO]	[mainwindow]	src/mainwindow.cpp:57	开始人脸识别4
2023-10-13 00:18:53	226811	0	[INFO]	[mainwindow]	src/mainwindow.cpp:86	开始人脸识别1
2023-10-13 00:18:54	226811	0	[INFO]	[mainwindow]	src/mainwindow.cpp:89	开始人脸识别2
2023-10-13 00:18:54	222977	0	[INFO]	[mainwindow]	src/mainwindow.cpp:57	开始人脸识别4
2023-10-13 00:18:55	226811	0	[INFO]	[mainwindow]	src/mainwindow.cpp:86	开始人脸识别1
2023-10-13 00:18:55	226811	0	[INFO]	[mainwindow]	src/mainwindow.cpp:89	开始人脸识别2
2023-10-13 00:18:55	222977	0	[INFO]	[mainwindow]	src/mainwindow.cpp:57	开始人脸识别4
2023-10-13 00:18:56	226811	0	[INFO]	[mainwindow]	src/mainwindow.cpp:86	开始人脸识别1
2023-10-13 00:18:57	226811	0	[INFO]	[mainwindow]	src/mainwindow.cpp:89	开始人脸识别2
2023-10-13 00:18:57	222977	0	[INFO]	[mainwindow]	src/mainwindow.cpp:57	开始人脸识别4
2023-10-13 00:18:58	226811	0	[INFO]	[mainwindow]	src/mainwindow.cpp:86	开始人脸识别1
2023-10-13 00:18:58	226811	0	[INFO]	[mainwindow]	src/mainwindow.cpp:89	开始人脸识别2
2023-10-13 00:18:58	222977	0	[INFO]	[mainwindow]	src/mainwindow.cpp:57	开始人脸识别4
2023-10-13 00:19:00	226811	0	[INFO]	[mainwindow]	src/mainwindow.cpp:86	开始人脸识别1
2023-10-13 00:19:00	226811	0	[INFO]	[mainwindow]	src/mainwindow.cpp:89	开始人脸识别2
2023-10-13 00:19:00	222977	0	[INFO]	[mainwindow]	src/mainwindow.cpp:57	开始人脸识别4
2023-10-13 00:19:01	226811	0	[INFO]	[mainwindow]	src/mainwindow.cpp:86	开始人脸识别1
2023-10-13 00:19:02	226811	0	[INFO]	[mainwindow]	src/mainwindow.cpp:89	开始人脸识别2
2023-10-13 00:19:02	222977	0	[INFO]	[mainwindow]	src/mainwindow.cpp:57	开始人脸识别4
2023-10-13 00:19:58	244650	0	[INFO]	[mainwindow]	src/mainwindow.cpp:86	开始人脸识别1
2023-10-13 00:20:13	244650	0	[INFO]	[mainwindow]	src/mainwindow.cpp:86	开始人脸识别1
2023-10-13 00:20:16	244650	0	[INFO]	[mainwindow]	src/mainwindow.cpp:86	开始人脸识别1
2023-10-13 00:20:17	244650	0	[INFO]	[mainwindow]	src/mainwindow.cpp:89	开始人脸识别2
2023-10-13 00:20:17	240816	0	[INFO]	[mainwindow]	src/mainwindow.cpp:57	开始人脸识别4
2023-10-13 00:20:19	244650	0	[INFO]	[mainwindow]	src/mainwindow.cpp:86	开始人脸识别1
2023-10-13 00:20:19	244650	0	[INFO]	[mainwindow]	src/mainwindow.cpp:89	开始人脸识别2
2023-10-13 00:20:19	240816	0	[INFO]	[mainwindow]	src/mainwindow.cpp:57	开始人脸识别4
2023-10-13 00:20:21	244650	0	[INFO]	[mainwindow]	src/mainwindow.cpp:86	开始人脸识别1
2023-10-13 00:21:13	251697	0	[INFO]	[mainwindow]	src/mainwindow.cpp:86	开始人脸识别1
2023-10-13 00:21:13	251697	0	[INFO]	[mainwindow]	src/mainwindow.cpp:89	开始人脸识别2
2023-10-13 00:21:13	247863	0	[INFO]	[mainwindow]	src/mainwindow.cpp:57	开始人脸识别4
2023-10-13 00:21:15	251697	0	[INFO]	[mainwindow]	src/mainwindow.cpp:86	开始人脸识别1
2023-10-13 00:21:20	251697	0	[INFO]	[mainwindow]	src/mainwindow.cpp:86	开始人脸识别1
2023-10-13 00:21:20	251697	0	[INFO]	[mainwindow]	src/mainwindow.cpp:89	开始人脸识别2
2023-10-13 00:21:20	247863	0	[INFO]	[mainwindow]	src/mainwindow.cpp:57	开始人脸识别4
2023-10-13 00:21:22	251697	0	[INFO]	[mainwindow]	src/mainwindow.cpp:86	开始人脸识别1
2023-10-13 00:21:22	251697	0	[INFO]	[mainwindow]	src/mainwindow.cpp:89	开始人脸识别2
2023-10-13 00:21:22	247863	0	[INFO]	[mainwindow]	src/mainwindow.cpp:57	开始人脸识别4
2023-10-13 00:21:24	251697	0	[INFO]	[mainwindow]	src/mainwindow.cpp:86	开始人脸识别1
2023-10-13 00:21:24	251697	0	[INFO]	[mainwindow]	src/mainwindow.cpp:89	开始人脸识别2
2023-10-13 00:21:24	247863	0	[INFO]	[mainwindow]	src/mainwindow.cpp:57	开始人脸识别4
2023-10-13 00:21:26	251697	0	[INFO]	[mainwindow]	src/mainwindow.cpp:86	开始人脸识别1
2023-10-13 00:21:26	251697	0	[INFO]	[mainwindow]	src/mainwindow.cpp:89	开始人脸识别2
2023-10-13 00:21:26	247863	0	[INFO]	[mainwindow]	src/mainwindow.cpp:57	开始人脸识别4
2023-10-13 00:21:27	251697	0	[INFO]	[mainwindow]	src/mainwindow.cpp:86	开始人脸识别1
2023-10-13 00:21:28	251697	0	[INFO]	[mainwindow]	src/mainwindow.cpp:89	开始人脸识别2
2023-10-13 00:21:28	247863	0	[INFO]	[mainwindow]	src/mainwindow.cpp:57	开始人脸识别4
2023-10-13 00:21:29	251697	0	[INFO]	[mainwindow]	src/mainwindow.cpp:86	开始人脸识别1
2023-10-13 00:21:30	251697	0	[INFO]	[mainwindow]	src/mainwindow.cpp:89	开始人脸识别2
2023-10-13 00:21:30	247863	0	[INFO]	[mainwindow]	src/mainwindow.cpp:57	开始人脸识别4
2023-10-13 00:21:32	251697	0	[INFO]	[mainwindow]	src/mainwindow.cpp:86	开始人脸识别1
2023-10-13 00:21:32	251697	0	[INFO]	[mainwindow]	src/mainwindow.cpp:89	开始人脸识别2
2023-10-13 00:21:32	247863	0	[INFO]	[mainwindow]	src/mainwindow.cpp:57	开始人脸识别4
2023-10-13 00:21:33	251697	0	[INFO]	[mainwindow]	src/mainwindow.cpp:86	开始人脸识别1
2023-10-13 00:21:37	251697	0	[INFO]	[mainwindow]	src/mainwindow.cpp:86	开始人脸识别1
2023-10-13 00:21:38	251697	0	[INFO]	[mainwindow]	src/mainwindow.cpp:89	开始人脸识别2
2023-10-13 00:21:38	247863	0	[INFO]	[mainwindow]	src/mainwindow.cpp:57	开始人脸识别4
2023-10-13 00:21:39	251697	0	[INFO]	[mainwindow]	src/mainwindow.cpp:86	开始人脸识别1
2023-10-13 00:21:40	251697	0	[INFO]	[mainwindow]	src/mainwindow.cpp:89	开始人脸识别2
2023-10-13 00:21:40	247863	0	[INFO]	[mainwindow]	src/mainwindow.cpp:57	开始人脸识别4
2023-10-13 00:21:41	251697	0	[INFO]	[mainwindow]	src/mainwindow.cpp:86	开始人脸识别1
2023-10-13 00:21:42	251697	0	[INFO]	[mainwindow]	src/mainwindow.cpp:89	开始人脸识别2
2023-10-13 00:21:42	247863	0	[INFO]	[mainwindow]	src/mainwindow.cpp:57	开始人脸识别4
